kotlin version: 2.1.10
error message: org.jetbrains.kotlin.backend.common.BackendException: Backend Internal error: Exception during IR lowering
File being compiled: /home/ramada/Documents/android-kotlin/wisata-banyumas/feature/auth/src/main/java/com/banyumas/wisata/feature/auth/LoginScreen.kt
The root cause java.lang.RuntimeException was thrown at: org.jetbrains.kotlin.backend.jvm.codegen.FunctionCodegen.generate(FunctionCodegen.kt:48)
	at org.jetbrains.kotlin.backend.common.CodegenUtil.reportBackendException(CodegenUtil.kt:253)
	at org.jetbrains.kotlin.backend.common.CodegenUtil.reportBackendException$default(CodegenUtil.kt:236)
	at org.jetbrains.kotlin.backend.common.phaser.PerformByIrFilePhase.invokeSequential(performByIrFile.kt:55)
	at org.jetbrains.kotlin.backend.common.phaser.PerformByIrFilePhase.invoke(performByIrFile.kt:42)
	at org.jetbrains.kotlin.backend.common.phaser.PerformByIrFilePhase.invoke(performByIrFile.kt:28)
	at org.jetbrains.kotlin.backend.common.phaser.NamedCompilerPhase.phaseBody(CompilerPhase.kt:166)
	at org.jetbrains.kotlin.backend.common.phaser.AbstractNamedCompilerPhase.invoke(CompilerPhase.kt:113)
	at org.jetbrains.kotlin.backend.common.phaser.CompositePhase.invoke(PhaseBuilders.kt:27)
	at org.jetbrains.kotlin.backend.common.phaser.CompositePhase.invoke(PhaseBuilders.kt:14)
	at org.jetbrains.kotlin.backend.common.phaser.NamedCompilerPhase.phaseBody(CompilerPhase.kt:166)
	at org.jetbrains.kotlin.backend.common.phaser.AbstractNamedCompilerPhase.invoke(CompilerPhase.kt:113)
	at org.jetbrains.kotlin.backend.common.phaser.CompilerPhaseKt.invokeToplevel(CompilerPhase.kt:62)
	at org.jetbrains.kotlin.backend.jvm.JvmIrCodegenFactory.invokeCodegen(JvmIrCodegenFactory.kt:371)
	at org.jetbrains.kotlin.codegen.CodegenFactory.generateModule(CodegenFactory.kt:47)
	at org.jetbrains.kotlin.backend.jvm.JvmIrCodegenFactory.generateModuleInFrontendIRMode(JvmIrCodegenFactory.kt:433)
	at org.jetbrains.kotlin.cli.jvm.compiler.pipeline.JvmCompilerPipelineKt.generateCodeFromIr(jvmCompilerPipeline.kt:192)
	at org.jetbrains.kotlin.cli.jvm.compiler.pipeline.JvmCompilerPipelineKt.runBackend(jvmCompilerPipeline.kt:80)
	at org.jetbrains.kotlin.cli.jvm.compiler.pipeline.JvmCompilerPipelineLightTreeKt.compileModule(jvmCompilerPipelineLightTree.kt:264)
	at org.jetbrains.kotlin.cli.jvm.compiler.pipeline.JvmCompilerPipelineLightTreeKt.compileSingleModuleUsingFrontendIrAndLightTree(jvmCompilerPipelineLightTree.kt:231)
	at org.jetbrains.kotlin.cli.jvm.compiler.pipeline.JvmCompilerPipelineLightTreeKt.compileModulesUsingFrontendIrAndLightTree(jvmCompilerPipelineLightTree.kt:86)
	at org.jetbrains.kotlin.cli.jvm.K2JVMCompiler.doExecute(K2JVMCompiler.kt:146)
	at org.jetbrains.kotlin.cli.jvm.K2JVMCompiler.doExecute(K2JVMCompiler.kt:43)
	at org.jetbrains.kotlin.cli.common.CLICompiler.execImpl(CLICompiler.kt:102)
	at org.jetbrains.kotlin.cli.common.CLICompiler.exec(CLICompiler.kt:316)
	at org.jetbrains.kotlin.incremental.IncrementalJvmCompilerRunner.runCompiler(IncrementalJvmCompilerRunner.kt:464)
	at org.jetbrains.kotlin.incremental.IncrementalJvmCompilerRunner.runCompiler(IncrementalJvmCompilerRunner.kt:73)
	at org.jetbrains.kotlin.incremental.IncrementalCompilerRunner.doCompile(IncrementalCompilerRunner.kt:506)
	at org.jetbrains.kotlin.incremental.IncrementalCompilerRunner.compileImpl(IncrementalCompilerRunner.kt:423)
	at org.jetbrains.kotlin.incremental.IncrementalCompilerRunner.compileNonIncrementally(IncrementalCompilerRunner.kt:301)
	at org.jetbrains.kotlin.incremental.IncrementalCompilerRunner.compile(IncrementalCompilerRunner.kt:129)
	at org.jetbrains.kotlin.daemon.CompileServiceImplBase.execIncrementalCompiler(CompileServiceImpl.kt:683)
	at org.jetbrains.kotlin.daemon.CompileServiceImplBase.access$execIncrementalCompiler(CompileServiceImpl.kt:91)
	at org.jetbrains.kotlin.daemon.CompileServiceImpl.compile(CompileServiceImpl.kt:1811)
	at java.base/jdk.internal.reflect.DirectMethodHandleAccessor.invoke(Unknown Source)
	at java.base/java.lang.reflect.Method.invoke(Unknown Source)
	at java.rmi/sun.rmi.server.UnicastServerRef.dispatch(Unknown Source)
	at java.rmi/sun.rmi.transport.Transport$1.run(Unknown Source)
	at java.rmi/sun.rmi.transport.Transport$1.run(Unknown Source)
	at java.base/java.security.AccessController.doPrivileged(Unknown Source)
	at java.rmi/sun.rmi.transport.Transport.serviceCall(Unknown Source)
	at java.rmi/sun.rmi.transport.tcp.TCPTransport.handleMessages(Unknown Source)
	at java.rmi/sun.rmi.transport.tcp.TCPTransport$ConnectionHandler.run0(Unknown Source)
	at java.rmi/sun.rmi.transport.tcp.TCPTransport$ConnectionHandler.lambda$run$0(Unknown Source)
	at java.base/java.security.AccessController.doPrivileged(Unknown Source)
	at java.rmi/sun.rmi.transport.tcp.TCPTransport$ConnectionHandler.run(Unknown Source)
	at java.base/java.util.concurrent.ThreadPoolExecutor.runWorker(Unknown Source)
	at java.base/java.util.concurrent.ThreadPoolExecutor$Worker.run(Unknown Source)
	at java.base/java.lang.Thread.run(Unknown Source)
Caused by: java.lang.RuntimeException: Exception while generating code for:
FUN name:LoginScreen visibility:public modality:FINAL <> (navigateToHome:kotlin.Function1<com.banyumas.wisata.core.model.User, kotlin.Unit>, onForgotPasswordClick:kotlin.Function0<kotlin.Unit>, onSignupClick:kotlin.Function0<kotlin.Unit>, viewModel:com.banyumas.wisata.feature.auth.UserViewModel) returnType:kotlin.Unit
  annotations:
    Composable
  VALUE_PARAMETER name:navigateToHome index:0 type:kotlin.Function1<com.banyumas.wisata.core.model.User, kotlin.Unit>
  VALUE_PARAMETER name:onForgotPasswordClick index:1 type:kotlin.Function0<kotlin.Unit>
  VALUE_PARAMETER name:onSignupClick index:2 type:kotlin.Function0<kotlin.Unit>
  VALUE_PARAMETER name:viewModel index:3 type:com.banyumas.wisata.feature.auth.UserViewModel
  BLOCK_BODY
    VAR name:context type:android.content.Context [val]
      CALL 'public final fun <get-current> (): T of androidx.compose.runtime.CompositionLocal [inline] declared in androidx.compose.runtime.CompositionLocal' type=android.content.Context origin=GET_PROPERTY
        $this: TYPE_OP type=androidx.compose.runtime.CompositionLocal<T of androidx.compose.runtime.CompositionLocal> origin=IMPLICIT_CAST typeOperand=androidx.compose.runtime.CompositionLocal<T of androidx.compose.runtime.CompositionLocal>
          CALL 'public final fun <get-LocalContext> (): androidx.compose.runtime.ProvidableCompositionLocal<android.content.Context> declared in androidx.compose.ui.platform.AndroidCompositionLocals_androidKt' type=androidx.compose.runtime.ProvidableCompositionLocal<android.content.Context> origin=GET_PROPERTY
    VAR PROPERTY_DELEGATE name:authState$delegate type:androidx.compose.runtime.State<com.banyumas.wisata.core.common.UiState<com.banyumas.wisata.core.model.User>> [val]
      TYPE_OP type=androidx.compose.runtime.State<com.banyumas.wisata.core.common.UiState<com.banyumas.wisata.core.model.User>> origin=IMPLICIT_CAST typeOperand=androidx.compose.runtime.State<com.banyumas.wisata.core.common.UiState<com.banyumas.wisata.core.model.User>>
        CALL 'public final fun collectAsStateWithLifecycle$default <T> (lifecycleOwner: androidx.lifecycle.LifecycleOwner?, minActiveState: androidx.lifecycle.Lifecycle.State?, context: kotlin.coroutines.CoroutineContext?, $mask0: kotlin.Int, $handler: kotlin.Any?): androidx.compose.runtime.State<T of androidx.lifecycle.compose.FlowExtKt.collectAsStateWithLifecycle$default> declared in androidx.lifecycle.compose.FlowExtKt' type=androidx.compose.runtime.State<T of androidx.lifecycle.compose.FlowExtKt.collectAsStateWithLifecycle$default> origin=DEFAULT_DISPATCH_CALL
          <T>: com.banyumas.wisata.core.common.UiState<com.banyumas.wisata.core.model.User>
          $receiver: CALL 'public final fun <get-authState> (): kotlinx.coroutines.flow.StateFlow<com.banyumas.wisata.core.common.UiState<com.banyumas.wisata.core.model.User>> declared in com.banyumas.wisata.feature.auth.UserViewModel' type=kotlinx.coroutines.flow.StateFlow<com.banyumas.wisata.core.common.UiState<com.banyumas.wisata.core.model.User>> origin=GET_PROPERTY
            $this: GET_VAR 'viewModel: com.banyumas.wisata.feature.auth.UserViewModel declared in com.banyumas.wisata.feature.auth.LoginScreenKt.LoginScreen' type=com.banyumas.wisata.feature.auth.UserViewModel origin=null
          lifecycleOwner: COMPOSITE type=androidx.lifecycle.LifecycleOwner? origin=DEFAULT_VALUE
            CONST Null type=androidx.lifecycle.LifecycleOwner? value=null
          minActiveState: COMPOSITE type=androidx.lifecycle.Lifecycle.State? origin=DEFAULT_VALUE
            CONST Null type=androidx.lifecycle.Lifecycle.State? value=null
          context: COMPOSITE type=kotlin.coroutines.CoroutineContext? origin=DEFAULT_VALUE
            CONST Null type=kotlin.coroutines.CoroutineContext? value=null
          $mask0: CONST Int type=kotlin.Int value=7
          $handler: CONST Null type=kotlin.Any? value=null
    VAR PROPERTY_DELEGATE name:email$delegate type:androidx.compose.runtime.MutableState<kotlin.String> [val]
      TYPE_OP type=androidx.compose.runtime.MutableState<kotlin.String> origin=IMPLICIT_CAST typeOperand=androidx.compose.runtime.MutableState<kotlin.String>
        CALL 'public final fun rememberSaveable$default <T> (vararg inputs: kotlin.Any?, saver: androidx.compose.runtime.saveable.Saver<T of androidx.compose.runtime.saveable.RememberSaveableKt.rememberSaveable$default, out kotlin.Any>?, key: kotlin.String?, init: kotlin.Function0<T of androidx.compose.runtime.saveable.RememberSaveableKt.rememberSaveable$default>, $mask0: kotlin.Int, $handler: kotlin.Any?): T of androidx.compose.runtime.saveable.RememberSaveableKt.rememberSaveable$default declared in androidx.compose.runtime.saveable.RememberSaveableKt' type=T of androidx.compose.runtime.saveable.RememberSaveableKt.rememberSaveable$default origin=DEFAULT_DISPATCH_CALL
          <T>: androidx.compose.runtime.MutableState<kotlin.String>
          inputs: CALL 'public final fun arrayOfNulls <T> (size: kotlin.Int): kotlin.Array<T of kotlin.arrayOfNulls?> declared in kotlin' type=kotlin.Array<out kotlin.Any?> origin=null
            <T>: kotlin.Any?
            size: CONST Int type=kotlin.Int value=0
          saver: COMPOSITE type=androidx.compose.runtime.saveable.Saver<T of androidx.compose.runtime.saveable.RememberSaveableKt.rememberSaveable$default, out kotlin.Any>? origin=DEFAULT_VALUE
            CONST Null type=androidx.compose.runtime.saveable.Saver<T of androidx.compose.runtime.saveable.RememberSaveableKt.rememberSaveable$default, out kotlin.Any>? value=null
          key: COMPOSITE type=kotlin.String? origin=DEFAULT_VALUE
            CONST Null type=kotlin.String? value=null
          init: BLOCK type=kotlin.Function0<androidx.compose.runtime.MutableState<kotlin.String>> origin=LAMBDA
            COMPOSITE type=kotlin.Unit origin=null
            CALL 'public final fun <jvm-indy> <T> (dynamicCall: T of kotlin.jvm.internal.<jvm-indy>, bootstrapMethodHandle: kotlin.Any, vararg bootstrapMethodArguments: kotlin.Any): T of kotlin.jvm.internal.<jvm-indy> declared in kotlin.jvm.internal' type=kotlin.Function0<androidx.compose.runtime.MutableState<kotlin.String>> origin=null
              <T>: kotlin.Function0<androidx.compose.runtime.MutableState<kotlin.String>>
              dynamicCall: CALL 'public final fun invoke (): kotlin.Function0<androidx.compose.runtime.MutableState<kotlin.String>> declared in kotlin.jvm.internal.invokeDynamic' type=kotlin.Function0<androidx.compose.runtime.MutableState<kotlin.String>> origin=null
              bootstrapMethodHandle: CALL 'public final fun <jvm-method-handle> (tag: kotlin.Int, owner: kotlin.String, name: kotlin.String, descriptor: kotlin.String, isInterface: kotlin.Boolean): kotlin.Any declared in kotlin.jvm.internal' type=kotlin.Any origin=null
                tag: CONST Int type=kotlin.Int value=6
                owner: CONST String type=kotlin.String value="java/lang/invoke/LambdaMetafactory"
                name: CONST String type=kotlin.String value="metafactory"
                descriptor: CONST String type=kotlin.String value="(Ljava/lang/invoke/MethodHandles$Lookup;Ljava/lang/String;Ljava/lang/invoke/MethodType;Ljava/lang/invoke/MethodType;Ljava/lang/invoke/MethodHandle;Ljava/lang/invoke/MethodType;)Ljava/lang/invoke/CallSite;"
                isInterface: CONST Boolean type=kotlin.Boolean value=false
              bootstrapMethodArguments: VARARG type=kotlin.Array<kotlin.Any> varargElementType=kotlin.Any
                CALL 'public final fun <jvm-original-method-type> (method: kotlin.Any): kotlin.Any declared in kotlin.jvm.internal' type=kotlin.Any origin=null
                  method: RAW_FUNCTION_REFERENCE 'public abstract fun invoke (): R of kotlin.Function0 [operator] declared in kotlin.Function0' type=kotlin.Any
                RAW_FUNCTION_REFERENCE 'private final fun LoginScreen$lambda$1 (): androidx.compose.runtime.MutableState<kotlin.String> declared in com.banyumas.wisata.feature.auth.LoginScreenKt' type=kotlin.Any
                CALL 'public final fun <jvm-original-method-type> (method: kotlin.Any): kotlin.Any declared in kotlin.jvm.internal' type=kotlin.Any origin=null
                  method: RAW_FUNCTION_REFERENCE 'public abstract fun invoke (): androidx.compose.runtime.MutableState<kotlin.String> [fake_override,operator] declared in kotlin.jvm.internal.invokeDynamic.<fake>' type=kotlin.Any
          $mask0: CONST Int type=kotlin.Int value=6
          $handler: CONST Null type=kotlin.Any? value=null
    VAR PROPERTY_DELEGATE name:password$delegate type:androidx.compose.runtime.MutableState<kotlin.String> [val]
      TYPE_OP type=androidx.compose.runtime.MutableState<kotlin.String> origin=IMPLICIT_CAST typeOperand=androidx.compose.runtime.MutableState<kotlin.String>
        CALL 'public final fun rememberSaveable$default <T> (vararg inputs: kotlin.Any?, saver: androidx.compose.runtime.saveable.Saver<T of androidx.compose.runtime.saveable.RememberSaveableKt.rememberSaveable$default, out kotlin.Any>?, key: kotlin.String?, init: kotlin.Function0<T of androidx.compose.runtime.saveable.RememberSaveableKt.rememberSaveable$default>, $mask0: kotlin.Int, $handler: kotlin.Any?): T of androidx.compose.runtime.saveable.RememberSaveableKt.rememberSaveable$default declared in androidx.compose.runtime.saveable.RememberSaveableKt' type=T of androidx.compose.runtime.saveable.RememberSaveableKt.rememberSaveable$default origin=DEFAULT_DISPATCH_CALL
          <T>: androidx.compose.runtime.MutableState<kotlin.String>
          inputs: CALL 'public final fun arrayOfNulls <T> (size: kotlin.Int): kotlin.Array<T of kotlin.arrayOfNulls?> declared in kotlin' type=kotlin.Array<out kotlin.Any?> origin=null
            <T>: kotlin.Any?
            size: CONST Int type=kotlin.Int value=0
          saver: COMPOSITE type=androidx.compose.runtime.saveable.Saver<T of androidx.compose.runtime.saveable.RememberSaveableKt.rememberSaveable$default, out kotlin.Any>? origin=DEFAULT_VALUE
            CONST Null type=androidx.compose.runtime.saveable.Saver<T of androidx.compose.runtime.saveable.RememberSaveableKt.rememberSaveable$default, out kotlin.Any>? value=null
          key: COMPOSITE type=kotlin.String? origin=DEFAULT_VALUE
            CONST Null type=kotlin.String? value=null
          init: BLOCK type=kotlin.Function0<androidx.compose.runtime.MutableState<kotlin.String>> origin=LAMBDA
            COMPOSITE type=kotlin.Unit origin=null
            CALL 'public final fun <jvm-indy> <T> (dynamicCall: T of kotlin.jvm.internal.<jvm-indy>, bootstrapMethodHandle: kotlin.Any, vararg bootstrapMethodArguments: kotlin.Any): T of kotlin.jvm.internal.<jvm-indy> declared in kotlin.jvm.internal' type=kotlin.Function0<androidx.compose.runtime.MutableState<kotlin.String>> origin=null
              <T>: kotlin.Function0<androidx.compose.runtime.MutableState<kotlin.String>>
              dynamicCall: CALL 'public final fun invoke (): kotlin.Function0<androidx.compose.runtime.MutableState<kotlin.String>> declared in kotlin.jvm.internal.invokeDynamic' type=kotlin.Function0<androidx.compose.runtime.MutableState<kotlin.String>> origin=null
              bootstrapMethodHandle: CALL 'public final fun <jvm-method-handle> (tag: kotlin.Int, owner: kotlin.String, name: kotlin.String, descriptor: kotlin.String, isInterface: kotlin.Boolean): kotlin.Any declared in kotlin.jvm.internal' type=kotlin.Any origin=null
                tag: CONST Int type=kotlin.Int value=6
                owner: CONST String type=kotlin.String value="java/lang/invoke/LambdaMetafactory"
                name: CONST String type=kotlin.String value="metafactory"
                descriptor: CONST String type=kotlin.String value="(Ljava/lang/invoke/MethodHandles$Lookup;Ljava/lang/String;Ljava/lang/invoke/MethodType;Ljava/lang/invoke/MethodType;Ljava/lang/invoke/MethodHandle;Ljava/lang/invoke/MethodType;)Ljava/lang/invoke/CallSite;"
                isInterface: CONST Boolean type=kotlin.Boolean value=false
              bootstrapMethodArguments: VARARG type=kotlin.Array<kotlin.Any> varargElementType=kotlin.Any
                CALL 'public final fun <jvm-original-method-type> (method: kotlin.Any): kotlin.Any declared in kotlin.jvm.internal' type=kotlin.Any origin=null
                  method: RAW_FUNCTION_REFERENCE 'public abstract fun invoke (): R of kotlin.Function0 [operator] declared in kotlin.Function0' type=kotlin.Any
                RAW_FUNCTION_REFERENCE 'private final fun LoginScreen$lambda$4 (): androidx.compose.runtime.MutableState<kotlin.String> declared in com.banyumas.wisata.feature.auth.LoginScreenKt' type=kotlin.Any
                CALL 'public final fun <jvm-original-method-type> (method: kotlin.Any): kotlin.Any declared in kotlin.jvm.internal' type=kotlin.Any origin=null
                  method: RAW_FUNCTION_REFERENCE 'public abstract fun invoke (): androidx.compose.runtime.MutableState<kotlin.String> [fake_override,operator] declared in kotlin.jvm.internal.invokeDynamic.<fake>' type=kotlin.Any
          $mask0: CONST Int type=kotlin.Int value=6
          $handler: CONST Null type=kotlin.Any? value=null
    VAR name:focusManager type:androidx.compose.ui.focus.FocusManager [val]
      CALL 'public final fun <get-current> (): T of androidx.compose.runtime.CompositionLocal [inline] declared in androidx.compose.runtime.CompositionLocal' type=androidx.compose.ui.focus.FocusManager origin=GET_PROPERTY
        $this: TYPE_OP type=androidx.compose.runtime.CompositionLocal<T of androidx.compose.runtime.CompositionLocal> origin=IMPLICIT_CAST typeOperand=androidx.compose.runtime.CompositionLocal<T of androidx.compose.runtime.CompositionLocal>
          CALL 'public final fun <get-LocalFocusManager> (): androidx.compose.runtime.ProvidableCompositionLocal<androidx.compose.ui.focus.FocusManager> declared in androidx.compose.ui.platform.CompositionLocalsKt' type=androidx.compose.runtime.ProvidableCompositionLocal<androidx.compose.ui.focus.FocusManager> origin=GET_PROPERTY
    VAR name:scope type:kotlinx.coroutines.CoroutineScope [val]
      CALL 'public final fun rememberCoroutineScope$default (getContext: @[DisallowComposableCalls] kotlin.Function0<kotlin.coroutines.CoroutineContext>?, $mask0: kotlin.Int, $handler: kotlin.Any?): kotlinx.coroutines.CoroutineScope [inline] declared in androidx.compose.runtime.EffectsKt' type=kotlinx.coroutines.CoroutineScope origin=DEFAULT_DISPATCH_CALL
        getContext: COMPOSITE type=@[DisallowComposableCalls] kotlin.Function0<kotlin.coroutines.CoroutineContext>? origin=DEFAULT_VALUE
          CONST Null type=@[DisallowComposableCalls] kotlin.Function0<kotlin.coroutines.CoroutineContext>? value=null
        $mask0: CONST Int type=kotlin.Int value=1
        $handler: CONST Null type=kotlin.Any? value=null
    VAR name:snackbarHostState type:androidx.compose.material3.SnackbarHostState [val]
      CALL 'public final fun remember <T> (calculation: @[DisallowComposableCalls] kotlin.Function0<T of androidx.compose.runtime.ComposablesKt.remember>): T of androidx.compose.runtime.ComposablesKt.remember [inline] declared in androidx.compose.runtime.ComposablesKt' type=androidx.compose.material3.SnackbarHostState origin=null
        <T>: androidx.compose.material3.SnackbarHostState
        calculation: BLOCK type=kotlin.Function0<androidx.compose.material3.SnackbarHostState> origin=LAMBDA
          COMPOSITE type=kotlin.Unit origin=null
          FUNCTION_REFERENCE 'private final fun LoginScreen$lambda$7 (): androidx.compose.material3.SnackbarHostState declared in com.banyumas.wisata.feature.auth.LoginScreenKt' type=kotlin.Function0<androidx.compose.material3.SnackbarHostState> origin=INLINE_LAMBDA reflectionTarget=null
    CALL 'public final fun LaunchedEffect (key1: kotlin.Any?, block: @[ExtensionFunctionType] kotlin.coroutines.SuspendFunction1<kotlinx.coroutines.CoroutineScope, kotlin.Unit>): kotlin.Unit declared in androidx.compose.runtime.EffectsKt' type=kotlin.Unit origin=null
      key1: CALL 'private final fun LoginScreen$lambda$0 ($authState$delegate: androidx.compose.runtime.State<com.banyumas.wisata.core.common.UiState<com.banyumas.wisata.core.model.User>>): com.banyumas.wisata.core.common.UiState<com.banyumas.wisata.core.model.User> declared in com.banyumas.wisata.feature.auth.LoginScreenKt' type=com.banyumas.wisata.core.common.UiState<com.banyumas.wisata.core.model.User> origin=GET_LOCAL_PROPERTY
        $authState$delegate: GET_VAR 'val authState$delegate: androidx.compose.runtime.State<com.banyumas.wisata.core.common.UiState<com.banyumas.wisata.core.model.User>> [val] declared in com.banyumas.wisata.feature.auth.LoginScreenKt.LoginScreen' type=androidx.compose.runtime.State<com.banyumas.wisata.core.common.UiState<com.banyumas.wisata.core.model.User>> origin=null
      block: BLOCK type=com.banyumas.wisata.feature.auth.LoginScreenKt.LoginScreen.<no name provided> origin=null
        CLASS SUSPEND_LAMBDA CLASS name:<no name provided> modality:FINAL visibility:public/*package*/ superTypes:[kotlin.coroutines.jvm.internal.SuspendLambda; kotlin.jvm.functions.Function2<kotlinx.coroutines.CoroutineScope, kotlin.coroutines.Continuation<kotlin.Unit>?, kotlin.Any?>]
          $this: VALUE_PARAMETER INSTANCE_RECEIVER name:<this> type:com.banyumas.wisata.feature.auth.LoginScreenKt.LoginScreen.<no name provided>
          FIELD name:label type:kotlin.Int visibility:public/*package*/
          CONSTRUCTOR SUSPEND_LAMBDA visibility:public/*package*/ <> ($focusManager:androidx.compose.ui.focus.FocusManager, $navigateToHome:kotlin.Function1<com.banyumas.wisata.core.model.User, kotlin.Unit>, $scope:kotlinx.coroutines.CoroutineScope, $authState$delegate:androidx.compose.runtime.State<com.banyumas.wisata.core.common.UiState<com.banyumas.wisata.core.model.User>>, $snackbarHostState:androidx.compose.material3.SnackbarHostState, $context:android.content.Context, $completion:kotlin.coroutines.Continuation<com.banyumas.wisata.feature.auth.LoginScreenKt.LoginScreen.<no name provided>>?) returnType:com.banyumas.wisata.feature.auth.LoginScreenKt.LoginScreen.<no name provided> [primary]
            VALUE_PARAMETER BOUND_VALUE_PARAMETER name:$focusManager index:0 type:androidx.compose.ui.focus.FocusManager
            VALUE_PARAMETER BOUND_VALUE_PARAMETER name:$navigateToHome index:1 type:kotlin.Function1<com.banyumas.wisata.core.model.User, kotlin.Unit>
            VALUE_PARAMETER BOUND_VALUE_PARAMETER name:$scope index:2 type:kotlinx.coroutines.CoroutineScope
            VALUE_PARAMETER BOUND_VALUE_PARAMETER name:$authState$delegate index:3 type:androidx.compose.runtime.State<com.banyumas.wisata.core.common.UiState<com.banyumas.wisata.core.model.User>>
            VALUE_PARAMETER BOUND_VALUE_PARAMETER name:$snackbarHostState index:4 type:androidx.compose.material3.SnackbarHostState
            VALUE_PARAMETER BOUND_VALUE_PARAMETER name:$context index:5 type:android.content.Context
            VALUE_PARAMETER name:$completion index:6 type:kotlin.coroutines.Continuation<com.banyumas.wisata.feature.auth.LoginScreenKt.LoginScreen.<no name provided>>?
            BLOCK_BODY
              SET_FIELD 'FIELD FIELD_FOR_CAPTURED_VALUE name:$focusManager type:androidx.compose.ui.focus.FocusManager visibility:public/*package*/ [final] declared in com.banyumas.wisata.feature.auth.LoginScreenKt.LoginScreen.<no name provided>' type=kotlin.Unit origin=INITIALIZER_OF_FIELD_FOR_CAPTURED_VALUE
                receiver: GET_VAR '<this>: com.banyumas.wisata.feature.auth.LoginScreenKt.LoginScreen.<no name provided> declared in com.banyumas.wisata.feature.auth.LoginScreenKt.LoginScreen.<no name provided>' type=com.banyumas.wisata.feature.auth.LoginScreenKt.LoginScreen.<no name provided> origin=null
                value: GET_VAR '$focusManager: androidx.compose.ui.focus.FocusManager declared in com.banyumas.wisata.feature.auth.LoginScreenKt.LoginScreen.<no name provided>.<init>' type=androidx.compose.ui.focus.FocusManager origin=null
              SET_FIELD 'FIELD FIELD_FOR_CAPTURED_VALUE name:$navigateToHome type:kotlin.Function1<com.banyumas.wisata.core.model.User, kotlin.Unit> visibility:public/*package*/ [final] declared in com.banyumas.wisata.feature.auth.LoginScreenKt.LoginScreen.<no name provided>' type=kotlin.Unit origin=INITIALIZER_OF_FIELD_FOR_CAPTURED_VALUE
                receiver: GET_VAR '<this>: com.banyumas.wisata.feature.auth.LoginScreenKt.LoginScreen.<no name provided> declared in com.banyumas.wisata.feature.auth.LoginScreenKt.LoginScreen.<no name provided>' type=com.banyumas.wisata.feature.auth.LoginScreenKt.LoginScreen.<no name provided> origin=null
                value: GET_VAR '$navigateToHome: kotlin.Function1<com.banyumas.wisata.core.model.User, kotlin.Unit> declared in com.banyumas.wisata.feature.auth.LoginScreenKt.LoginScreen.<no name provided>.<init>' type=kotlin.Function1<com.banyumas.wisata.core.model.User, kotlin.Unit> origin=null
              SET_FIELD 'FIELD FIELD_FOR_CAPTURED_VALUE name:$scope type:kotlinx.coroutines.CoroutineScope visibility:public/*package*/ [final] declared in com.banyumas.wisata.feature.auth.LoginScreenKt.LoginScreen.<no name provided>' type=kotlin.Unit origin=INITIALIZER_OF_FIELD_FOR_CAPTURED_VALUE
                receiver: GET_VAR '<this>: com.banyumas.wisata.feature.auth.LoginScreenKt.LoginScreen.<no name provided> declared in com.banyumas.wisata.feature.auth.LoginScreenKt.LoginScreen.<no name provided>' type=com.banyumas.wisata.feature.auth.LoginScreenKt.LoginScreen.<no name provided> origin=null
                value: GET_VAR '$scope: kotlinx.coroutines.CoroutineScope declared in com.banyumas.wisata.feature.auth.LoginScreenKt.LoginScreen.<no name provided>.<init>' type=kotlinx.coroutines.CoroutineScope origin=null
              SET_FIELD 'FIELD FIELD_FOR_CAPTURED_VALUE name:$authState$delegate type:androidx.compose.runtime.State<com.banyumas.wisata.core.common.UiState<com.banyumas.wisata.core.model.User>> visibility:public/*package*/ [final] declared in com.banyumas.wisata.feature.auth.LoginScreenKt.LoginScreen.<no name provided>' type=kotlin.Unit origin=INITIALIZER_OF_FIELD_FOR_CAPTURED_VALUE
                receiver: GET_VAR '<this>: com.banyumas.wisata.feature.auth.LoginScreenKt.LoginScreen.<no name provided> declared in com.banyumas.wisata.feature.auth.LoginScreenKt.LoginScreen.<no name provided>' type=com.banyumas.wisata.feature.auth.LoginScreenKt.LoginScreen.<no name provided> origin=null
                value: GET_VAR '$authState$delegate: androidx.compose.runtime.State<com.banyumas.wisata.core.common.UiState<com.banyumas.wisata.core.model.User>> declared in com.banyumas.wisata.feature.auth.LoginScreenKt.LoginScreen.<no name provided>.<init>' type=androidx.compose.runtime.State<com.banyumas.wisata.core.common.UiState<com.banyumas.wisata.core.model.User>> origin=null
              SET_FIELD 'FIELD FIELD_FOR_CAPTURED_VALUE name:$snackbarHostState type:androidx.compose.material3.SnackbarHostState visibility:public/*package*/ [final] declared in com.banyumas.wisata.feature.auth.LoginScreenKt.LoginScreen.<no name provided>' type=kotlin.Unit origin=INITIALIZER_OF_FIELD_FOR_CAPTURED_VALUE
                receiver: GET_VAR '<this>: com.banyumas.wisata.feature.auth.LoginScreenKt.LoginScreen.<no name provided> declared in com.banyumas.wisata.feature.auth.LoginScreenKt.LoginScreen.<no name provided>' type=com.banyumas.wisata.feature.auth.LoginScreenKt.LoginScreen.<no name provided> origin=null
                value: GET_VAR '$snackbarHostState: androidx.compose.material3.SnackbarHostState declared in com.banyumas.wisata.feature.auth.LoginScreenKt.LoginScreen.<no name provided>.<init>' type=androidx.compose.material3.SnackbarHostState origin=null
              SET_FIELD 'FIELD FIELD_FOR_CAPTURED_VALUE name:$context type:android.content.Context visibility:public/*package*/ [final] declared in com.banyumas.wisata.feature.auth.LoginScreenKt.LoginScreen.<no name provided>' type=kotlin.Unit origin=INITIALIZER_OF_FIELD_FOR_CAPTURED_VALUE
                receiver: GET_VAR '<this>: com.banyumas.wisata.feature.auth.LoginScreenKt.LoginScreen.<no name provided> declared in com.banyumas.wisata.feature.auth.LoginScreenKt.LoginScreen.<no name provided>' type=com.banyumas.wisata.feature.auth.LoginScreenKt.LoginScreen.<no name provided> origin=null
                value: GET_VAR '$context: android.content.Context declared in com.banyumas.wisata.feature.auth.LoginScreenKt.LoginScreen.<no name provided>.<init>' type=android.content.Context origin=null
              DELEGATING_CONSTRUCTOR_CALL 'public constructor <init> (arity: kotlin.Int, $completion: kotlin.coroutines.Continuation<kotlin.Any?>?) declared in kotlin.coroutines.jvm.internal.SuspendLambda'
                arity: CONST Int type=kotlin.Int value=2
                $completion: GET_VAR '$completion: kotlin.coroutines.Continuation<com.banyumas.wisata.feature.auth.LoginScreenKt.LoginScreen.<no name provided>>? declared in com.banyumas.wisata.feature.auth.LoginScreenKt.LoginScreen.<no name provided>.<init>' type=kotlin.coroutines.Continuation<com.banyumas.wisata.feature.auth.LoginScreenKt.LoginScreen.<no name provided>>? origin=null
              BLOCK type=kotlin.Unit origin=null
          FUN name:invokeSuspend visibility:public modality:FINAL <> ($this:com.banyumas.wisata.feature.auth.LoginScreenKt.LoginScreen.<no name provided>, $result:kotlin.Result<kotlin.Any?>) returnType:kotlin.Any?
            overridden:
              protected abstract fun invokeSuspend ($result: kotlin.Result<kotlin.Any?>): kotlin.Any? declared in kotlin.coroutines.jvm.internal.SuspendLambda
            $this: VALUE_PARAMETER INSTANCE_RECEIVER name:<this> type:com.banyumas.wisata.feature.auth.LoginScreenKt.LoginScreen.<no name provided>
            VALUE_PARAMETER name:$result index:0 type:kotlin.Result<kotlin.Any?>
            BLOCK_BODY
              COMPOSITE type=kotlin.Unit origin=null
                BLOCK type=kotlin.Any origin=WHEN
                  VAR name:state type:com.banyumas.wisata.core.common.UiState<com.banyumas.wisata.core.model.User> [val]
                    CALL 'public final fun access$LoginScreen$lambda$0 ($authState$delegate: androidx.compose.runtime.State<com.banyumas.wisata.core.common.UiState<com.banyumas.wisata.core.model.User>>): com.banyumas.wisata.core.common.UiState<com.banyumas.wisata.core.model.User> declared in com.banyumas.wisata.feature.auth.LoginScreenKt' type=com.banyumas.wisata.core.common.UiState<com.banyumas.wisata.core.model.User> origin=GET_LOCAL_PROPERTY
                      $authState$delegate: GET_FIELD 'FIELD FIELD_FOR_CAPTURED_VALUE name:$authState$delegate type:androidx.compose.runtime.State<com.banyumas.wisata.core.common.UiState<com.banyumas.wisata.core.model.User>> visibility:public/*package*/ [final] declared in com.banyumas.wisata.feature.auth.LoginScreenKt.LoginScreen.<no name provided>' type=androidx.compose.runtime.State<com.banyumas.wisata.core.common.UiState<com.banyumas.wisata.core.model.User>> origin=null
                        receiver: GET_VAR '<this>: com.banyumas.wisata.feature.auth.LoginScreenKt.LoginScreen.<no name provided> declared in com.banyumas.wisata.feature.auth.LoginScreenKt.LoginScreen.<no name provided>.invokeSuspend' type=com.banyumas.wisata.feature.auth.LoginScreenKt.LoginScreen.<no name provided> origin=null
                  WHEN type=kotlin.Any origin=WHEN
                    BRANCH
                      if: TYPE_OP type=kotlin.Boolean origin=INSTANCEOF typeOperand=com.banyumas.wisata.core.common.UiState.Success<com.banyumas.wisata.core.model.User>
                        GET_VAR 'val state: com.banyumas.wisata.core.common.UiState<com.banyumas.wisata.core.model.User> [val] declared in com.banyumas.wisata.feature.auth.LoginScreenKt.LoginScreen.<no name provided>.invokeSuspend' type=com.banyumas.wisata.core.common.UiState<com.banyumas.wisata.core.model.User> origin=null
                      then: BLOCK type=kotlin.Unit origin=null
                        CALL 'public final fun clearFocus$default ($this: androidx.compose.ui.focus.FocusManager, force: kotlin.Boolean, $mask0: kotlin.Int, $handler: kotlin.Any?): kotlin.Unit declared in androidx.compose.ui.focus.FocusManager' type=kotlin.Unit origin=DEFAULT_DISPATCH_CALL
                          $this: GET_FIELD 'FIELD FIELD_FOR_CAPTURED_VALUE name:$focusManager type:androidx.compose.ui.focus.FocusManager visibility:public/*package*/ [final] declared in com.banyumas.wisata.feature.auth.LoginScreenKt.LoginScreen.<no name provided>' type=androidx.compose.ui.focus.FocusManager origin=null
                            receiver: GET_VAR '<this>: com.banyumas.wisata.feature.auth.LoginScreenKt.LoginScreen.<no name provided> declared in com.banyumas.wisata.feature.auth.LoginScreenKt.LoginScreen.<no name provided>.invokeSuspend' type=com.banyumas.wisata.feature.auth.LoginScreenKt.LoginScreen.<no name provided> origin=null
                          force: COMPOSITE type=kotlin.Boolean origin=DEFAULT_VALUE
                            CONST Boolean type=kotlin.Boolean value=false
                          $mask0: CONST Int type=kotlin.Int value=1
                          $handler: CONST Null type=kotlin.Any? value=null
                        CALL 'public abstract fun invoke (p1: P1 of kotlin.Function1): R of kotlin.Function1 [operator] declared in kotlin.Function1' type=kotlin.Unit origin=INVOKE
                          $this: GET_FIELD 'FIELD FIELD_FOR_CAPTURED_VALUE name:$navigateToHome type:kotlin.Function1<com.banyumas.wisata.core.model.User, kotlin.Unit> visibility:public/*package*/ [final] declared in com.banyumas.wisata.feature.auth.LoginScreenKt.LoginScreen.<no name provided>' type=kotlin.Function1<com.banyumas.wisata.core.model.User, kotlin.Unit> origin=null
                            receiver: GET_VAR '<this>: com.banyumas.wisata.feature.auth.LoginScreenKt.LoginScreen.<no name provided> declared in com.banyumas.wisata.feature.auth.LoginScreenKt.LoginScreen.<no name provided>.invokeSuspend' type=com.banyumas.wisata.feature.auth.LoginScreenKt.LoginScreen.<no name provided> origin=null
                          p1: CALL 'public final fun <get-data> (): T of com.banyumas.wisata.core.common.UiState.Success declared in com.banyumas.wisata.core.common.UiState.Success' type=com.banyumas.wisata.core.model.User origin=GET_PROPERTY
                            $this: TYPE_OP type=com.banyumas.wisata.core.common.UiState.Success<com.banyumas.wisata.core.model.User> origin=IMPLICIT_CAST typeOperand=com.banyumas.wisata.core.common.UiState.Success<com.banyumas.wisata.core.model.User>
                              GET_VAR 'val state: com.banyumas.wisata.core.common.UiState<com.banyumas.wisata.core.model.User> [val] declared in com.banyumas.wisata.feature.auth.LoginScreenKt.LoginScreen.<no name provided>.invokeSuspend' type=com.banyumas.wisata.core.common.UiState<com.banyumas.wisata.core.model.User> origin=null
                    BRANCH
                      if: TYPE_OP type=kotlin.Boolean origin=INSTANCEOF typeOperand=com.banyumas.wisata.core.common.UiState.Error
                        GET_VAR 'val state: com.banyumas.wisata.core.common.UiState<com.banyumas.wisata.core.model.User> [val] declared in com.banyumas.wisata.feature.auth.LoginScreenKt.LoginScreen.<no name provided>.invokeSuspend' type=com.banyumas.wisata.core.common.UiState<com.banyumas.wisata.core.model.User> origin=null
                      then: BLOCK type=kotlinx.coroutines.Job origin=null
                        CALL 'public final fun launch$default (context: kotlin.coroutines.CoroutineContext?, start: kotlinx.coroutines.CoroutineStart?, block: @[ExtensionFunctionType] kotlin.coroutines.SuspendFunction1<kotlinx.coroutines.CoroutineScope, kotlin.Unit>, $mask0: kotlin.Int, $handler: kotlin.Any?): kotlinx.coroutines.Job declared in kotlinx.coroutines.BuildersKt' type=kotlinx.coroutines.Job origin=DEFAULT_DISPATCH_CALL
                          $receiver: GET_FIELD 'FIELD FIELD_FOR_CAPTURED_VALUE name:$scope type:kotlinx.coroutines.CoroutineScope visibility:public/*package*/ [final] declared in com.banyumas.wisata.feature.auth.LoginScreenKt.LoginScreen.<no name provided>' type=kotlinx.coroutines.CoroutineScope origin=null
                            receiver: GET_VAR '<this>: com.banyumas.wisata.feature.auth.LoginScreenKt.LoginScreen.<no name provided> declared in com.banyumas.wisata.feature.auth.LoginScreenKt.LoginScreen.<no name provided>.invokeSuspend' type=com.banyumas.wisata.feature.auth.LoginScreenKt.LoginScreen.<no name provided> origin=null
                          context: COMPOSITE type=kotlin.coroutines.CoroutineContext? origin=DEFAULT_VALUE
                            CONST Null type=kotlin.coroutines.CoroutineContext? value=null
                          start: COMPOSITE type=kotlinx.coroutines.CoroutineStart? origin=DEFAULT_VALUE
                            CONST Null type=kotlinx.coroutines.CoroutineStart? value=null
                          block: BLOCK type=com.banyumas.wisata.feature.auth.LoginScreenKt.LoginScreen.<no name provided>.invokeSuspend.<no name provided> origin=null
                            CLASS SUSPEND_LAMBDA CLASS name:<no name provided> modality:FINAL visibility:public/*package*/ superTypes:[kotlin.coroutines.jvm.internal.SuspendLambda; kotlin.jvm.functions.Function2<kotlinx.coroutines.CoroutineScope, kotlin.coroutines.Continuation<kotlin.Unit>?, kotlin.Any?>]
                              $this: VALUE_PARAMETER INSTANCE_RECEIVER name:<this> type:com.banyumas.wisata.feature.auth.LoginScreenKt.LoginScreen.<no name provided>.invokeSuspend.<no name provided>
                              FIELD name:label type:kotlin.Int visibility:public/*package*/
                              CONSTRUCTOR SUSPEND_LAMBDA visibility:public/*package*/ <> ($snackbarHostState:androidx.compose.material3.SnackbarHostState, $state:com.banyumas.wisata.core.common.UiState<com.banyumas.wisata.core.model.User>, $context:android.content.Context, $completion:kotlin.coroutines.Continuation<com.banyumas.wisata.feature.auth.LoginScreenKt.LoginScreen.<no name provided>.invokeSuspend.<no name provided>>?) returnType:com.banyumas.wisata.feature.auth.LoginScreenKt.LoginScreen.<no name provided>.invokeSuspend.<no name provided> [primary]
                                VALUE_PARAMETER BOUND_VALUE_PARAMETER name:$snackbarHostState index:0 type:androidx.compose.material3.SnackbarHostState
                                VALUE_PARAMETER BOUND_VALUE_PARAMETER name:$state index:1 type:com.banyumas.wisata.core.common.UiState<com.banyumas.wisata.core.model.User>
                                VALUE_PARAMETER BOUND_VALUE_PARAMETER name:$context index:2 type:android.content.Context
                                VALUE_PARAMETER name:$completion index:3 type:kotlin.coroutines.Continuation<com.banyumas.wisata.feature.auth.LoginScreenKt.LoginScreen.<no name provided>.invokeSuspend.<no name provided>>?
                                BLOCK_BODY
                                  SET_FIELD 'FIELD FIELD_FOR_CAPTURED_VALUE name:$snackbarHostState type:androidx.compose.material3.SnackbarHostState visibility:public/*package*/ [final] declared in com.banyumas.wisata.feature.auth.LoginScreenKt.LoginScreen.<no name provided>.invokeSuspend.<no name provided>' type=kotlin.Unit origin=INITIALIZER_OF_FIELD_FOR_CAPTURED_VALUE
                                    receiver: GET_VAR '<this>: com.banyumas.wisata.feature.auth.LoginScreenKt.LoginScreen.<no name provided>.invokeSuspend.<no name provided> declared in com.banyumas.wisata.feature.auth.LoginScreenKt.LoginScreen.<no name provided>.invokeSuspend.<no name provided>' type=com.banyumas.wisata.feature.auth.LoginScreenKt.LoginScreen.<no name provided>.invokeSuspend.<no name provided> origin=null
                                    value: GET_VAR '$snackbarHostState: androidx.compose.material3.SnackbarHostState declared in com.banyumas.wisata.feature.auth.LoginScreenKt.LoginScreen.<no name provided>.invokeSuspend.<no name provided>.<init>' type=androidx.compose.material3.SnackbarHostState origin=null
                                  SET_FIELD 'FIELD FIELD_FOR_CAPTURED_VALUE name:$state type:com.banyumas.wisata.core.common.UiState<com.banyumas.wisata.core.model.User> visibility:public/*package*/ [final] declared in com.banyumas.wisata.feature.auth.LoginScreenKt.LoginScreen.<no name provided>.invokeSuspend.<no name provided>' type=kotlin.Unit origin=INITIALIZER_OF_FIELD_FOR_CAPTURED_VALUE
                                    receiver: GET_VAR '<this>: com.banyumas.wisata.feature.auth.LoginScreenKt.LoginScreen.<no name provided>.invokeSuspend.<no name provided> declared in com.banyumas.wisata.feature.auth.LoginScreenKt.LoginScreen.<no name provided>.invokeSuspend.<no name provided>' type=com.banyumas.wisata.feature.auth.LoginScreenKt.LoginScreen.<no name provided>.invokeSuspend.<no name provided> origin=null
                                    value: GET_VAR '$state: com.banyumas.wisata.core.common.UiState<com.banyumas.wisata.core.model.User> declared in com.banyumas.wisata.feature.auth.LoginScreenKt.LoginScreen.<no name provided>.invokeSuspend.<no name provided>.<init>' type=com.banyumas.wisata.core.common.UiState<com.banyumas.wisata.core.model.User> origin=null
                                  SET_FIELD 'FIELD FIELD_FOR_CAPTURED_VALUE name:$context type:android.content.Context visibility:public/*package*/ [final] declared in com.banyumas.wisata.feature.auth.LoginScreenKt.LoginScreen.<no name provided>.invokeSuspend.<no name provided>' type=kotlin.Unit origin=INITIALIZER_OF_FIELD_FOR_CAPTURED_VALUE
                                    receiver: GET_VAR '<this>: com.banyumas.wisata.feature.auth.LoginScreenKt.LoginScreen.<no name provided>.invokeSuspend.<no name provided> declared in com.banyumas.wisata.feature.auth.LoginScreenKt.LoginScreen.<no name provided>.invokeSuspend.<no name provided>' type=com.banyumas.wisata.feature.auth.LoginScreenKt.LoginScreen.<no name provided>.invokeSuspend.<no name provided> origin=null
                                    value: GET_VAR '$context: android.content.Context declared in com.banyumas.wisata.feature.auth.LoginScreenKt.LoginScreen.<no name provided>.invokeSuspend.<no name provided>.<init>' type=android.content.Context origin=null
                                  DELEGATING_CONSTRUCTOR_CALL 'public constructor <init> (arity: kotlin.Int, $completion: kotlin.coroutines.Continuation<kotlin.Any?>?) declared in kotlin.coroutines.jvm.internal.SuspendLambda'
                                    arity: CONST Int type=kotlin.Int value=2
                                    $completion: GET_VAR '$completion: kotlin.coroutines.Continuation<com.banyumas.wisata.feature.auth.LoginScreenKt.LoginScreen.<no name provided>.invokeSuspend.<no name provided>>? declared in com.banyumas.wisata.feature.auth.LoginScreenKt.LoginScreen.<no name provided>.invokeSuspend.<no name provided>.<init>' type=kotlin.coroutines.Continuation<com.banyumas.wisata.feature.auth.LoginScreenKt.LoginScreen.<no name provided>.invokeSuspend.<no name provided>>? origin=null
                                  BLOCK type=kotlin.Unit origin=null
                              FUN name:invokeSuspend visibility:public modality:FINAL <> ($this:com.banyumas.wisata.feature.auth.LoginScreenKt.LoginScreen.<no name provided>.invokeSuspend.<no name provided>, $result:kotlin.Result<kotlin.Any?>) returnType:kotlin.Any?
                                overridden:
                                  protected abstract fun invokeSuspend ($result: kotlin.Result<kotlin.Any?>): kotlin.Any? declared in kotlin.coroutines.jvm.internal.SuspendLambda
                                $this: VALUE_PARAMETER INSTANCE_RECEIVER name:<this> type:com.banyumas.wisata.feature.auth.LoginScreenKt.LoginScreen.<no name provided>.invokeSuspend.<no name provided>
                                VALUE_PARAMETER name:$result index:0 type:kotlin.Result<kotlin.Any?>
                                BLOCK_BODY
                                  COMPOSITE type=kotlin.Unit origin=null
                                    CALL 'public final fun showSnackbar$default ($this: androidx.compose.material3.SnackbarHostState, message: kotlin.String, actionLabel: kotlin.String?, withDismissAction: kotlin.Boolean, duration: androidx.compose.material3.SnackbarDuration?, $completion: kotlin.coroutines.Continuation<androidx.compose.material3.SnackbarResult>, $mask0: kotlin.Int, $handler: kotlin.Any?): kotlin.Any? [suspend] declared in androidx.compose.material3.SnackbarHostState' type=androidx.compose.material3.SnackbarResult origin=DEFAULT_DISPATCH_CALL
                                      $this: GET_FIELD 'FIELD FIELD_FOR_CAPTURED_VALUE name:$snackbarHostState type:androidx.compose.material3.SnackbarHostState visibility:public/*package*/ [final] declared in com.banyumas.wisata.feature.auth.LoginScreenKt.LoginScreen.<no name provided>.invokeSuspend.<no name provided>' type=androidx.compose.material3.SnackbarHostState origin=null
                                        receiver: GET_VAR '<this>: com.banyumas.wisata.feature.auth.LoginScreenKt.LoginScreen.<no name provided>.invokeSuspend.<no name provided> declared in com.banyumas.wisata.feature.auth.LoginScreenKt.LoginScreen.<no name provided>.invokeSuspend.<no name provided>.invokeSuspend' type=com.banyumas.wisata.feature.auth.LoginScreenKt.LoginScreen.<no name provided>.invokeSuspend.<no name provided> origin=null
                                      message: CALL 'public final fun asString (context: android.content.Context): kotlin.String declared in com.banyumas.wisata.core.common.UiText' type=kotlin.String origin=null
                                        $this: CALL 'public final fun <get-message> (): com.banyumas.wisata.core.common.UiText declared in com.banyumas.wisata.core.common.UiState.Error' type=com.banyumas.wisata.core.common.UiText origin=GET_PROPERTY
                                          $this: TYPE_OP type=com.banyumas.wisata.core.common.UiState.Error origin=IMPLICIT_CAST typeOperand=com.banyumas.wisata.core.common.UiState.Error
                                            GET_FIELD 'FIELD FIELD_FOR_CAPTURED_VALUE name:$state type:com.banyumas.wisata.core.common.UiState<com.banyumas.wisata.core.model.User> visibility:public/*package*/ [final] declared in com.banyumas.wisata.feature.auth.LoginScreenKt.LoginScreen.<no name provided>.invokeSuspend.<no name provided>' type=com.banyumas.wisata.core.common.UiState<com.banyumas.wisata.core.model.User> origin=null
                                              receiver: GET_VAR '<this>: com.banyumas.wisata.feature.auth.LoginScreenKt.LoginScreen.<no name provided>.invokeSuspend.<no name provided> declared in com.banyumas.wisata.feature.auth.LoginScreenKt.LoginScreen.<no name provided>.invokeSuspend.<no name provided>.invokeSuspend' type=com.banyumas.wisata.feature.auth.LoginScreenKt.LoginScreen.<no name provided>.invokeSuspend.<no name provided> origin=null
                                        context: GET_FIELD 'FIELD FIELD_FOR_CAPTURED_VALUE name:$context type:android.content.Context visibility:public/*package*/ [final] declared in com.banyumas.wisata.feature.auth.LoginScreenKt.LoginScreen.<no name provided>.invokeSuspend.<no name provided>' type=android.content.Context origin=null
                                          receiver: GET_VAR '<this>: com.banyumas.wisata.feature.auth.LoginScreenKt.LoginScreen.<no name provided>.invokeSuspend.<no name provided> declared in com.banyumas.wisata.feature.auth.LoginScreenKt.LoginScreen.<no name provided>.invokeSuspend.<no name provided>.invokeSuspend' type=com.banyumas.wisata.feature.auth.LoginScreenKt.LoginScreen.<no name provided>.invokeSuspend.<no name provided> origin=null
                                      actionLabel: COMPOSITE type=kotlin.String? origin=DEFAULT_VALUE
                                        CONST Null type=kotlin.String? value=null
                                      withDismissAction: COMPOSITE type=kotlin.Boolean origin=DEFAULT_VALUE
                                        CONST Boolean type=kotlin.Boolean value=false
                                      duration: COMPOSITE type=androidx.compose.material3.SnackbarDuration? origin=DEFAULT_VALUE
                                        CONST Null type=androidx.compose.material3.SnackbarDuration? value=null
                                      $completion: GET_VAR '<this>: com.banyumas.wisata.feature.auth.LoginScreenKt.LoginScreen.<no name provided>.invokeSuspend.<no name provided> declared in com.banyumas.wisata.feature.auth.LoginScreenKt.LoginScreen.<no name provided>.invokeSuspend.<no name provided>.invokeSuspend' type=com.banyumas.wisata.feature.auth.LoginScreenKt.LoginScreen.<no name provided>.invokeSuspend.<no name provided> origin=null
                                      $mask0: CONST Int type=kotlin.Int value=14
                                      $handler: CONST Null type=kotlin.Any? value=null
                                    COMPOSITE type=kotlin.Unit origin=null
                              FUN name:create visibility:public modality:FINAL <> ($this:com.banyumas.wisata.feature.auth.LoginScreenKt.LoginScreen.<no name provided>.invokeSuspend.<no name provided>, value:kotlin.Any?, $completion:kotlin.coroutines.Continuation<kotlin.Nothing>) returnType:kotlin.coroutines.Continuation<kotlin.Unit>
                                overridden:
                                  public open fun create (value: kotlin.Any?, $completion: kotlin.coroutines.Continuation<kotlin.Nothing>): kotlin.coroutines.Continuation<kotlin.Unit> declared in kotlin.coroutines.jvm.internal.SuspendLambda
                                $this: VALUE_PARAMETER INSTANCE_RECEIVER name:<this> type:com.banyumas.wisata.feature.auth.LoginScreenKt.LoginScreen.<no name provided>.invokeSuspend.<no name provided>
                                VALUE_PARAMETER name:value index:0 type:kotlin.Any?
                                VALUE_PARAMETER name:$completion index:1 type:kotlin.coroutines.Continuation<kotlin.Nothing>
                                BLOCK_BODY
                                  RETURN type=kotlin.Nothing from='public final fun create (value: kotlin.Any?, $completion: kotlin.coroutines.Continuation<kotlin.Nothing>): kotlin.coroutines.Continuation<kotlin.Unit> declared in com.banyumas.wisata.feature.auth.LoginScreenKt.LoginScreen.<no name provided>.invokeSuspend.<no name provided>'
                                    CONSTRUCTOR_CALL 'public/*package*/ constructor <init> ($snackbarHostState: androidx.compose.material3.SnackbarHostState, $state: com.banyumas.wisata.core.common.UiState<com.banyumas.wisata.core.model.User>, $context: android.content.Context, $completion: kotlin.coroutines.Continuation<com.banyumas.wisata.feature.auth.LoginScreenKt.LoginScreen.<no name provided>.invokeSuspend.<no name provided>>?) [primary] declared in com.banyumas.wisata.feature.auth.LoginScreenKt.LoginScreen.<no name provided>.invokeSuspend.<no name provided>' type=com.banyumas.wisata.feature.auth.LoginScreenKt.LoginScreen.<no name provided>.invokeSuspend.<no name provided> origin=null
                                      $snackbarHostState: GET_FIELD 'FIELD FIELD_FOR_CAPTURED_VALUE name:$snackbarHostState type:androidx.compose.material3.SnackbarHostState visibility:public/*package*/ [final] declared in com.banyumas.wisata.feature.auth.LoginScreenKt.LoginScreen.<no name provided>.invokeSuspend.<no name provided>' type=androidx.compose.material3.SnackbarHostState origin=null
                                        receiver: GET_VAR '<this>: com.banyumas.wisata.feature.auth.LoginScreenKt.LoginScreen.<no name provided>.invokeSuspend.<no name provided> declared in com.banyumas.wisata.feature.auth.LoginScreenKt.LoginScreen.<no name provided>.invokeSuspend.<no name provided>.create' type=com.banyumas.wisata.feature.auth.LoginScreenKt.LoginScreen.<no name provided>.invokeSuspend.<no name provided> origin=null
                                      $state: GET_FIELD 'FIELD FIELD_FOR_CAPTURED_VALUE name:$state type:com.banyumas.wisata.core.common.UiState<com.banyumas.wisata.core.model.User> visibility:public/*package*/ [final] declared in com.banyumas.wisata.feature.auth.LoginScreenKt.LoginScreen.<no name provided>.invokeSuspend.<no name provided>' type=com.banyumas.wisata.core.common.UiState<com.banyumas.wisata.core.model.User> origin=null
                                        receiver: GET_VAR '<this>: com.banyumas.wisata.feature.auth.LoginScreenKt.LoginScreen.<no name provided>.invokeSuspend.<no name provided> declared in com.banyumas.wisata.feature.auth.LoginScreenKt.LoginScreen.<no name provided>.invokeSuspend.<no name provided>.create' type=com.banyumas.wisata.feature.auth.LoginScreenKt.LoginScreen.<no name provided>.invokeSuspend.<no name provided> origin=null
                                      $context: GET_FIELD 'FIELD FIELD_FOR_CAPTURED_VALUE name:$context type:android.content.Context visibility:public/*package*/ [final] declared in com.banyumas.wisata.feature.auth.LoginScreenKt.LoginScreen.<no name provided>.invokeSuspend.<no name provided>' type=android.content.Context origin=null
                                        receiver: GET_VAR '<this>: com.banyumas.wisata.feature.auth.LoginScreenKt.LoginScreen.<no name provided>.invokeSuspend.<no name provided> declared in com.banyumas.wisata.feature.auth.LoginScreenKt.LoginScreen.<no name provided>.invokeSuspend.<no name provided>.create' type=com.banyumas.wisata.feature.auth.LoginScreenKt.LoginScreen.<no name provided>.invokeSuspend.<no name provided> origin=null
                                      $completion: GET_VAR '$completion: kotlin.coroutines.Continuation<kotlin.Nothing> declared in com.banyumas.wisata.feature.auth.LoginScreenKt.LoginScreen.<no name provided>.invokeSuspend.<no name provided>.create' type=kotlin.coroutines.Continuation<kotlin.Nothing> origin=null
                              FUN name:invoke visibility:public modality:FINAL <> ($this:com.banyumas.wisata.feature.auth.LoginScreenKt.LoginScreen.<no name provided>.invokeSuspend.<no name provided>, p1:kotlinx.coroutines.CoroutineScope, p2:kotlin.coroutines.Continuation<kotlin.Unit>?) returnType:kotlin.Any?
                                overridden:
                                  public abstract fun invoke (p1: P1 of kotlin.jvm.functions.Function2, p2: P2 of kotlin.jvm.functions.Function2): R of kotlin.jvm.functions.Function2 declared in kotlin.jvm.functions.Function2
                                $this: VALUE_PARAMETER INSTANCE_RECEIVER name:<this> type:com.banyumas.wisata.feature.auth.LoginScreenKt.LoginScreen.<no name provided>.invokeSuspend.<no name provided>
                                VALUE_PARAMETER name:p1 index:0 type:kotlinx.coroutines.CoroutineScope
                                VALUE_PARAMETER name:p2 index:1 type:kotlin.coroutines.Continuation<kotlin.Unit>?
                                BLOCK_BODY
                                  RETURN type=kotlin.Nothing from='public final fun invoke (p1: kotlinx.coroutines.CoroutineScope, p2: kotlin.coroutines.Continuation<kotlin.Unit>?): kotlin.Any? declared in com.banyumas.wisata.feature.auth.LoginScreenKt.LoginScreen.<no name provided>.invokeSuspend.<no name provided>'
                                    CALL 'public final fun invokeSuspend ($result: kotlin.Result<kotlin.Any?>): kotlin.Any? declared in com.banyumas.wisata.feature.auth.LoginScreenKt.LoginScreen.<no name provided>.invokeSuspend.<no name provided>' type=kotlin.Any? origin=null
                                      $this: TYPE_OP type=com.banyumas.wisata.feature.auth.LoginScreenKt.LoginScreen.<no name provided>.invokeSuspend.<no name provided> origin=IMPLICIT_CAST typeOperand=com.banyumas.wisata.feature.auth.LoginScreenKt.LoginScreen.<no name provided>.invokeSuspend.<no name provided>
                                        CALL 'public final fun create (value: kotlin.Any?, $completion: kotlin.coroutines.Continuation<kotlin.Nothing>): kotlin.coroutines.Continuation<kotlin.Unit> declared in com.banyumas.wisata.feature.auth.LoginScreenKt.LoginScreen.<no name provided>.invokeSuspend.<no name provided>' type=kotlin.coroutines.Continuation<kotlin.Unit> origin=null
                                          $this: GET_VAR '<this>: com.banyumas.wisata.feature.auth.LoginScreenKt.LoginScreen.<no name provided>.invokeSuspend.<no name provided> declared in com.banyumas.wisata.feature.auth.LoginScreenKt.LoginScreen.<no name provided>.invokeSuspend.<no name provided>.invoke' type=com.banyumas.wisata.feature.auth.LoginScreenKt.LoginScreen.<no name provided>.invokeSuspend.<no name provided> origin=null
                                          value: GET_VAR 'p1: kotlinx.coroutines.CoroutineScope declared in com.banyumas.wisata.feature.auth.LoginScreenKt.LoginScreen.<no name provided>.invokeSuspend.<no name provided>.invoke' type=kotlinx.coroutines.CoroutineScope origin=null
                                          $completion: GET_VAR 'p2: kotlin.coroutines.Continuation<kotlin.Unit>? declared in com.banyumas.wisata.feature.auth.LoginScreenKt.LoginScreen.<no name provided>.invokeSuspend.<no name provided>.invoke' type=kotlin.coroutines.Continuation<kotlin.Unit>? origin=null
                                      $result: CALL 'public final fun <unsafe-coerce> <T, R> (v: T of kotlin.jvm.internal.<unsafe-coerce>): R of kotlin.jvm.internal.<unsafe-coerce> declared in kotlin.jvm.internal' type=kotlin.Result<kotlin.Any?> origin=null
                                        <T>: kotlin.Any?
                                        <R>: kotlin.Result<kotlin.Any?>
                                        v: GET_FIELD 'FIELD FIELD_FOR_OBJECT_INSTANCE name:INSTANCE type:kotlin.Unit visibility:public [final,static] declared in kotlin.Unit' type=kotlin.Unit origin=null
                              FIELD FIELD_FOR_CAPTURED_VALUE name:$snackbarHostState type:androidx.compose.material3.SnackbarHostState visibility:public/*package*/ [final]
                              FIELD FIELD_FOR_CAPTURED_VALUE name:$state type:com.banyumas.wisata.core.common.UiState<com.banyumas.wisata.core.model.User> visibility:public/*package*/ [final]
                              FIELD FIELD_FOR_CAPTURED_VALUE name:$context type:android.content.Context visibility:public/*package*/ [final]
                              FUN BRIDGE name:invoke visibility:public modality:OPEN <> ($this:com.banyumas.wisata.feature.auth.LoginScreenKt.LoginScreen.<no name provided>.invokeSuspend.<no name provided>, p1:kotlin.Any?, p2:kotlin.Any?) returnType:kotlin.Any?
                                $this: VALUE_PARAMETER INSTANCE_RECEIVER name:<this> type:com.banyumas.wisata.feature.auth.LoginScreenKt.LoginScreen.<no name provided>.invokeSuspend.<no name provided>
                                VALUE_PARAMETER BRIDGE name:p1 index:0 type:kotlin.Any?
                                VALUE_PARAMETER BRIDGE name:p2 index:1 type:kotlin.Any?
                                EXPRESSION_BODY
                                  RETURN type=kotlin.Nothing from='public open fun invoke (p1: kotlin.Any?, p2: kotlin.Any?): kotlin.Any? declared in com.banyumas.wisata.feature.auth.LoginScreenKt.LoginScreen.<no name provided>.invokeSuspend.<no name provided>'
                                    CALL 'public final fun invoke (p1: kotlinx.coroutines.CoroutineScope, p2: kotlin.coroutines.Continuation<kotlin.Unit>?): kotlin.Any? declared in com.banyumas.wisata.feature.auth.LoginScreenKt.LoginScreen.<no name provided>.invokeSuspend.<no name provided>' type=kotlin.Any? origin=BRIDGE_DELEGATION
                                      $this: GET_VAR '<this>: com.banyumas.wisata.feature.auth.LoginScreenKt.LoginScreen.<no name provided>.invokeSuspend.<no name provided> declared in com.banyumas.wisata.feature.auth.LoginScreenKt.LoginScreen.<no name provided>.invokeSuspend.<no name provided>.invoke' type=com.banyumas.wisata.feature.auth.LoginScreenKt.LoginScreen.<no name provided>.invokeSuspend.<no name provided> origin=null
                                      p1: TYPE_OP type=kotlinx.coroutines.CoroutineScope origin=IMPLICIT_CAST typeOperand=kotlinx.coroutines.CoroutineScope
                                        GET_VAR 'p1: kotlin.Any? declared in com.banyumas.wisata.feature.auth.LoginScreenKt.LoginScreen.<no name provided>.invokeSuspend.<no name provided>.invoke' type=kotlin.Any? origin=null
                                      p2: TYPE_OP type=kotlin.coroutines.Continuation<*> origin=IMPLICIT_CAST typeOperand=kotlin.coroutines.Continuation<*>
                                        GET_VAR 'p2: kotlin.Any? declared in com.banyumas.wisata.feature.auth.LoginScreenKt.LoginScreen.<no name provided>.invokeSuspend.<no name provided>.invoke' type=kotlin.Any? origin=null
                            CONSTRUCTOR_CALL 'public/*package*/ constructor <init> ($snackbarHostState: androidx.compose.material3.SnackbarHostState, $state: com.banyumas.wisata.core.common.UiState<com.banyumas.wisata.core.model.User>, $context: android.content.Context, $completion: kotlin.coroutines.Continuation<com.banyumas.wisata.feature.auth.LoginScreenKt.LoginScreen.<no name provided>.invokeSuspend.<no name provided>>?) [primary] declared in com.banyumas.wisata.feature.auth.LoginScreenKt.LoginScreen.<no name provided>.invokeSuspend.<no name provided>' type=com.banyumas.wisata.feature.auth.LoginScreenKt.LoginScreen.<no name provided>.invokeSuspend.<no name provided> origin=null
                              $snackbarHostState: GET_FIELD 'FIELD FIELD_FOR_CAPTURED_VALUE name:$snackbarHostState type:androidx.compose.material3.SnackbarHostState visibility:public/*package*/ [final] declared in com.banyumas.wisata.feature.auth.LoginScreenKt.LoginScreen.<no name provided>' type=androidx.compose.material3.SnackbarHostState origin=null
                                receiver: GET_VAR '<this>: com.banyumas.wisata.feature.auth.LoginScreenKt.LoginScreen.<no name provided> declared in com.banyumas.wisata.feature.auth.LoginScreenKt.LoginScreen.<no name provided>.invokeSuspend' type=com.banyumas.wisata.feature.auth.LoginScreenKt.LoginScreen.<no name provided> origin=null
                              $state: GET_VAR 'val state: com.banyumas.wisata.core.common.UiState<com.banyumas.wisata.core.model.User> [val] declared in com.banyumas.wisata.feature.auth.LoginScreenKt.LoginScreen.<no name provided>.invokeSuspend' type=com.banyumas.wisata.core.common.UiState<com.banyumas.wisata.core.model.User> origin=null
                              $context: GET_FIELD 'FIELD FIELD_FOR_CAPTURED_VALUE name:$context type:android.content.Context visibility:public/*package*/ [final] declared in com.banyumas.wisata.feature.auth.LoginScreenKt.LoginScreen.<no name provided>' type=android.content.Context origin=null
                                receiver: GET_VAR '<this>: com.banyumas.wisata.feature.auth.LoginScreenKt.LoginScreen.<no name provided> declared in com.banyumas.wisata.feature.auth.LoginScreenKt.LoginScreen.<no name provided>.invokeSuspend' type=com.banyumas.wisata.feature.auth.LoginScreenKt.LoginScreen.<no name provided> origin=null
                              $completion: CONST Null type=kotlin.Nothing? value=null
                          $mask0: CONST Int type=kotlin.Int value=3
                          $handler: CONST Null type=kotlin.Any? value=null
                    BRANCH
                      if: CONST Boolean type=kotlin.Boolean value=true
                      then: BLOCK type=kotlin.Unit origin=null
                COMPOSITE type=kotlin.Unit origin=null
          FUN name:create visibility:public modality:FINAL <> ($this:com.banyumas.wisata.feature.auth.LoginScreenKt.LoginScreen.<no name provided>, value:kotlin.Any?, $completion:kotlin.coroutines.Continuation<kotlin.Nothing>) returnType:kotlin.coroutines.Continuation<kotlin.Unit>
            overridden:
              public open fun create (value: kotlin.Any?, $completion: kotlin.coroutines.Continuation<kotlin.Nothing>): kotlin.coroutines.Continuation<kotlin.Unit> declared in kotlin.coroutines.jvm.internal.SuspendLambda
            $this: VALUE_PARAMETER INSTANCE_RECEIVER name:<this> type:com.banyumas.wisata.feature.auth.LoginScreenKt.LoginScreen.<no name provided>
            VALUE_PARAMETER name:value index:0 type:kotlin.Any?
            VALUE_PARAMETER name:$completion index:1 type:kotlin.coroutines.Continuation<kotlin.Nothing>
            BLOCK_BODY
              RETURN type=kotlin.Nothing from='public final fun create (value: kotlin.Any?, $completion: kotlin.coroutines.Continuation<kotlin.Nothing>): kotlin.coroutines.Continuation<kotlin.Unit> declared in com.banyumas.wisata.feature.auth.LoginScreenKt.LoginScreen.<no name provided>'
                CONSTRUCTOR_CALL 'public/*package*/ constructor <init> ($focusManager: androidx.compose.ui.focus.FocusManager, $navigateToHome: kotlin.Function1<com.banyumas.wisata.core.model.User, kotlin.Unit>, $scope: kotlinx.coroutines.CoroutineScope, $authState$delegate: androidx.compose.runtime.State<com.banyumas.wisata.core.common.UiState<com.banyumas.wisata.core.model.User>>, $snackbarHostState: androidx.compose.material3.SnackbarHostState, $context: android.content.Context, $completion: kotlin.coroutines.Continuation<com.banyumas.wisata.feature.auth.LoginScreenKt.LoginScreen.<no name provided>>?) [primary] declared in com.banyumas.wisata.feature.auth.LoginScreenKt.LoginScreen.<no name provided>' type=com.banyumas.wisata.feature.auth.LoginScreenKt.LoginScreen.<no name provided> origin=null
                  $focusManager: GET_FIELD 'FIELD FIELD_FOR_CAPTURED_VALUE name:$focusManager type:androidx.compose.ui.focus.FocusManager visibility:public/*package*/ [final] declared in com.banyumas.wisata.feature.auth.LoginScreenKt.LoginScreen.<no name provided>' type=androidx.compose.ui.focus.FocusManager origin=null
                    receiver: GET_VAR '<this>: com.banyumas.wisata.feature.auth.LoginScreenKt.LoginScreen.<no name provided> declared in com.banyumas.wisata.feature.auth.LoginScreenKt.LoginScreen.<no name provided>.create' type=com.banyumas.wisata.feature.auth.LoginScreenKt.LoginScreen.<no name provided> origin=null
                  $navigateToHome: GET_FIELD 'FIELD FIELD_FOR_CAPTURED_VALUE name:$navigateToHome type:kotlin.Function1<com.banyumas.wisata.core.model.User, kotlin.Unit> visibility:public/*package*/ [final] declared in com.banyumas.wisata.feature.auth.LoginScreenKt.LoginScreen.<no name provided>' type=kotlin.Function1<com.banyumas.wisata.core.model.User, kotlin.Unit> origin=null
                    receiver: GET_VAR '<this>: com.banyumas.wisata.feature.auth.LoginScreenKt.LoginScreen.<no name provided> declared in com.banyumas.wisata.feature.auth.LoginScreenKt.LoginScreen.<no name provided>.create' type=com.banyumas.wisata.feature.auth.LoginScreenKt.LoginScreen.<no name provided> origin=null
                  $scope: GET_FIELD 'FIELD FIELD_FOR_CAPTURED_VALUE name:$scope type:kotlinx.coroutines.CoroutineScope visibility:public/*package*/ [final] declared in com.banyumas.wisata.feature.auth.LoginScreenKt.LoginScreen.<no name provided>' type=kotlinx.coroutines.CoroutineScope origin=null
                    receiver: GET_VAR '<this>: com.banyumas.wisata.feature.auth.LoginScreenKt.LoginScreen.<no name provided> declared in com.banyumas.wisata.feature.auth.LoginScreenKt.LoginScreen.<no name provided>.create' type=com.banyumas.wisata.feature.auth.LoginScreenKt.LoginScreen.<no name provided> origin=null
                  $authState$delegate: GET_FIELD 'FIELD FIELD_FOR_CAPTURED_VALUE name:$authState$delegate type:androidx.compose.runtime.State<com.banyumas.wisata.core.common.UiState<com.banyumas.wisata.core.model.User>> visibility:public/*package*/ [final] declared in com.banyumas.wisata.feature.auth.LoginScreenKt.LoginScreen.<no name provided>' type=androidx.compose.runtime.State<com.banyumas.wisata.core.common.UiState<com.banyumas.wisata.core.model.User>> origin=null
                    receiver: GET_VAR '<this>: com.banyumas.wisata.feature.auth.LoginScreenKt.LoginScreen.<no name provided> declared in com.banyumas.wisata.feature.auth.LoginScreenKt.LoginScreen.<no name provided>.create' type=com.banyumas.wisata.feature.auth.LoginScreenKt.LoginScreen.<no name provided> origin=null
                  $snackbarHostState: GET_FIELD 'FIELD FIELD_FOR_CAPTURED_VALUE name:$snackbarHostState type:androidx.compose.material3.SnackbarHostState visibility:public/*package*/ [final] declared in com.banyumas.wisata.feature.auth.LoginScreenKt.LoginScreen.<no name provided>' type=androidx.compose.material3.SnackbarHostState origin=null
                    receiver: GET_VAR '<this>: com.banyumas.wisata.feature.auth.LoginScreenKt.LoginScreen.<no name provided> declared in com.banyumas.wisata.feature.auth.LoginScreenKt.LoginScreen.<no name provided>.create' type=com.banyumas.wisata.feature.auth.LoginScreenKt.LoginScreen.<no name provided> origin=null
                  $context: GET_FIELD 'FIELD FIELD_FOR_CAPTURED_VALUE name:$context type:android.content.Context visibility:public/*package*/ [final] declared in com.banyumas.wisata.feature.auth.LoginScreenKt.LoginScreen.<no name provided>' type=android.content.Context origin=null
                    receiver: GET_VAR '<this>: com.banyumas.wisata.feature.auth.LoginScreenKt.LoginScreen.<no name provided> declared in com.banyumas.wisata.feature.auth.LoginScreenKt.LoginScreen.<no name provided>.create' type=com.banyumas.wisata.feature.auth.LoginScreenKt.LoginScreen.<no name provided> origin=null
                  $completion: GET_VAR '$completion: kotlin.coroutines.Continuation<kotlin.Nothing> declared in com.banyumas.wisata.feature.auth.LoginScreenKt.LoginScreen.<no name provided>.create' type=kotlin.coroutines.Continuation<kotlin.Nothing> origin=null
          FUN name:invoke visibility:public modality:FINAL <> ($this:com.banyumas.wisata.feature.auth.LoginScreenKt.LoginScreen.<no name provided>, p1:kotlinx.coroutines.CoroutineScope, p2:kotlin.coroutines.Continuation<kotlin.Unit>?) returnType:kotlin.Any?
            overridden:
              public abstract fun invoke (p1: P1 of kotlin.jvm.functions.Function2, p2: P2 of kotlin.jvm.functions.Function2): R of kotlin.jvm.functions.Function2 declared in kotlin.jvm.functions.Function2
            $this: VALUE_PARAMETER INSTANCE_RECEIVER name:<this> type:com.banyumas.wisata.feature.auth.LoginScreenKt.LoginScreen.<no name provided>
            VALUE_PARAMETER name:p1 index:0 type:kotlinx.coroutines.CoroutineScope
            VALUE_PARAMETER name:p2 index:1 type:kotlin.coroutines.Continuation<kotlin.Unit>?
            BLOCK_BODY
              RETURN type=kotlin.Nothing from='public final fun invoke (p1: kotlinx.coroutines.CoroutineScope, p2: kotlin.coroutines.Continuation<kotlin.Unit>?): kotlin.Any? declared in com.banyumas.wisata.feature.auth.LoginScreenKt.LoginScreen.<no name provided>'
                CALL 'public final fun invokeSuspend ($result: kotlin.Result<kotlin.Any?>): kotlin.Any? declared in com.banyumas.wisata.feature.auth.LoginScreenKt.LoginScreen.<no name provided>' type=kotlin.Any? origin=null
                  $this: TYPE_OP type=com.banyumas.wisata.feature.auth.LoginScreenKt.LoginScreen.<no name provided> origin=IMPLICIT_CAST typeOperand=com.banyumas.wisata.feature.auth.LoginScreenKt.LoginScreen.<no name provided>
                    CALL 'public final fun create (value: kotlin.Any?, $completion: kotlin.coroutines.Continuation<kotlin.Nothing>): kotlin.coroutines.Continuation<kotlin.Unit> declared in com.banyumas.wisata.feature.auth.LoginScreenKt.LoginScreen.<no name provided>' type=kotlin.coroutines.Continuation<kotlin.Unit> origin=null
                      $this: GET_VAR '<this>: com.banyumas.wisata.feature.auth.LoginScreenKt.LoginScreen.<no name provided> declared in com.banyumas.wisata.feature.auth.LoginScreenKt.LoginScreen.<no name provided>.invoke' type=com.banyumas.wisata.feature.auth.LoginScreenKt.LoginScreen.<no name provided> origin=null
                      value: GET_VAR 'p1: kotlinx.coroutines.CoroutineScope declared in com.banyumas.wisata.feature.auth.LoginScreenKt.LoginScreen.<no name provided>.invoke' type=kotlinx.coroutines.CoroutineScope origin=null
                      $completion: GET_VAR 'p2: kotlin.coroutines.Continuation<kotlin.Unit>? declared in com.banyumas.wisata.feature.auth.LoginScreenKt.LoginScreen.<no name provided>.invoke' type=kotlin.coroutines.Continuation<kotlin.Unit>? origin=null
                  $result: CALL 'public final fun <unsafe-coerce> <T, R> (v: T of kotlin.jvm.internal.<unsafe-coerce>): R of kotlin.jvm.internal.<unsafe-coerce> declared in kotlin.jvm.internal' type=kotlin.Result<kotlin.Any?> origin=null
                    <T>: kotlin.Any?
                    <R>: kotlin.Result<kotlin.Any?>
                    v: GET_FIELD 'FIELD FIELD_FOR_OBJECT_INSTANCE name:INSTANCE type:kotlin.Unit visibility:public [final,static] declared in kotlin.Unit' type=kotlin.Unit origin=null
          FIELD FIELD_FOR_CAPTURED_VALUE name:$focusManager type:androidx.compose.ui.focus.FocusManager visibility:public/*package*/ [final]
          FIELD FIELD_FOR_CAPTURED_VALUE name:$navigateToHome type:kotlin.Function1<com.banyumas.wisata.core.model.User, kotlin.Unit> visibility:public/*package*/ [final]
          FIELD FIELD_FOR_CAPTURED_VALUE name:$scope type:kotlinx.coroutines.CoroutineScope visibility:public/*package*/ [final]
          FIELD FIELD_FOR_CAPTURED_VALUE name:$authState$delegate type:androidx.compose.runtime.State<com.banyumas.wisata.core.common.UiState<com.banyumas.wisata.core.model.User>> visibility:public/*package*/ [final]
          FIELD FIELD_FOR_CAPTURED_VALUE name:$snackbarHostState type:androidx.compose.material3.SnackbarHostState visibility:public/*package*/ [final]
          FIELD FIELD_FOR_CAPTURED_VALUE name:$context type:android.content.Context visibility:public/*package*/ [final]
          FUN BRIDGE name:invoke visibility:public modality:OPEN <> ($this:com.banyumas.wisata.feature.auth.LoginScreenKt.LoginScreen.<no name provided>, p1:kotlin.Any?, p2:kotlin.Any?) returnType:kotlin.Any?
            $this: VALUE_PARAMETER INSTANCE_RECEIVER name:<this> type:com.banyumas.wisata.feature.auth.LoginScreenKt.LoginScreen.<no name provided>
            VALUE_PARAMETER BRIDGE name:p1 index:0 type:kotlin.Any?
            VALUE_PARAMETER BRIDGE name:p2 index:1 type:kotlin.Any?
            EXPRESSION_BODY
              RETURN type=kotlin.Nothing from='public open fun invoke (p1: kotlin.Any?, p2: kotlin.Any?): kotlin.Any? declared in com.banyumas.wisata.feature.auth.LoginScreenKt.LoginScreen.<no name provided>'
                CALL 'public final fun invoke (p1: kotlinx.coroutines.CoroutineScope, p2: kotlin.coroutines.Continuation<kotlin.Unit>?): kotlin.Any? declared in com.banyumas.wisata.feature.auth.LoginScreenKt.LoginScreen.<no name provided>' type=kotlin.Any? origin=BRIDGE_DELEGATION
                  $this: GET_VAR '<this>: com.banyumas.wisata.feature.auth.LoginScreenKt.LoginScreen.<no name provided> declared in com.banyumas.wisata.feature.auth.LoginScreenKt.LoginScreen.<no name provided>.invoke' type=com.banyumas.wisata.feature.auth.LoginScreenKt.LoginScreen.<no name provided> origin=null
                  p1: TYPE_OP type=kotlinx.coroutines.CoroutineScope origin=IMPLICIT_CAST typeOperand=kotlinx.coroutines.CoroutineScope
                    GET_VAR 'p1: kotlin.Any? declared in com.banyumas.wisata.feature.auth.LoginScreenKt.LoginScreen.<no name provided>.invoke' type=kotlin.Any? origin=null
                  p2: TYPE_OP type=kotlin.coroutines.Continuation<*> origin=IMPLICIT_CAST typeOperand=kotlin.coroutines.Continuation<*>
                    GET_VAR 'p2: kotlin.Any? declared in com.banyumas.wisata.feature.auth.LoginScreenKt.LoginScreen.<no name provided>.invoke' type=kotlin.Any? origin=null
        CONSTRUCTOR_CALL 'public/*package*/ constructor <init> ($focusManager: androidx.compose.ui.focus.FocusManager, $navigateToHome: kotlin.Function1<com.banyumas.wisata.core.model.User, kotlin.Unit>, $scope: kotlinx.coroutines.CoroutineScope, $authState$delegate: androidx.compose.runtime.State<com.banyumas.wisata.core.common.UiState<com.banyumas.wisata.core.model.User>>, $snackbarHostState: androidx.compose.material3.SnackbarHostState, $context: android.content.Context, $completion: kotlin.coroutines.Continuation<com.banyumas.wisata.feature.auth.LoginScreenKt.LoginScreen.<no name provided>>?) [primary] declared in com.banyumas.wisata.feature.auth.LoginScreenKt.LoginScreen.<no name provided>' type=com.banyumas.wisata.feature.auth.LoginScreenKt.LoginScreen.<no name provided> origin=null
          $focusManager: GET_VAR 'val focusManager: androidx.compose.ui.focus.FocusManager [val] declared in com.banyumas.wisata.feature.auth.LoginScreenKt.LoginScreen' type=androidx.compose.ui.focus.FocusManager origin=null
          $navigateToHome: GET_VAR 'navigateToHome: kotlin.Function1<com.banyumas.wisata.core.model.User, kotlin.Unit> declared in com.banyumas.wisata.feature.auth.LoginScreenKt.LoginScreen' type=kotlin.Function1<com.banyumas.wisata.core.model.User, kotlin.Unit> origin=null
          $scope: GET_VAR 'val scope: kotlinx.coroutines.CoroutineScope [val] declared in com.banyumas.wisata.feature.auth.LoginScreenKt.LoginScreen' type=kotlinx.coroutines.CoroutineScope origin=null
          $authState$delegate: GET_VAR 'val authState$delegate: androidx.compose.runtime.State<com.banyumas.wisata.core.common.UiState<com.banyumas.wisata.core.model.User>> [val] declared in com.banyumas.wisata.feature.auth.LoginScreenKt.LoginScreen' type=androidx.compose.runtime.State<com.banyumas.wisata.core.common.UiState<com.banyumas.wisata.core.model.User>> origin=null
          $snackbarHostState: GET_VAR 'val snackbarHostState: androidx.compose.material3.SnackbarHostState [val] declared in com.banyumas.wisata.feature.auth.LoginScreenKt.LoginScreen' type=androidx.compose.material3.SnackbarHostState origin=null
          $context: GET_VAR 'val context: android.content.Context [val] declared in com.banyumas.wisata.feature.auth.LoginScreenKt.LoginScreen' type=android.content.Context origin=null
          $completion: CONST Null type=kotlin.Nothing? value=null
    BLOCK type=kotlin.Unit origin=ARGUMENTS_REORDERING_FOR_CALL
      VAR IR_TEMPORARY_VARIABLE name:tmp0_email type:kotlin.String [val]
        CALL 'private final fun LoginScreen$lambda$2 ($email$delegate: androidx.compose.runtime.MutableState<kotlin.String>): kotlin.String declared in com.banyumas.wisata.feature.auth.LoginScreenKt' type=kotlin.String origin=GET_LOCAL_PROPERTY
          $email$delegate: GET_VAR 'val email$delegate: androidx.compose.runtime.MutableState<kotlin.String> [val] declared in com.banyumas.wisata.feature.auth.LoginScreenKt.LoginScreen' type=androidx.compose.runtime.MutableState<kotlin.String> origin=null
      VAR IR_TEMPORARY_VARIABLE name:tmp1_password type:kotlin.String [val]
        CALL 'private final fun LoginScreen$lambda$5 ($password$delegate: androidx.compose.runtime.MutableState<kotlin.String>): kotlin.String declared in com.banyumas.wisata.feature.auth.LoginScreenKt' type=kotlin.String origin=GET_LOCAL_PROPERTY
          $password$delegate: GET_VAR 'val password$delegate: androidx.compose.runtime.MutableState<kotlin.String> [val] declared in com.banyumas.wisata.feature.auth.LoginScreenKt.LoginScreen' type=androidx.compose.runtime.MutableState<kotlin.String> origin=null
      VAR IR_TEMPORARY_VARIABLE name:tmp2_isLoading type:kotlin.Boolean [val]
        TYPE_OP type=kotlin.Boolean origin=INSTANCEOF typeOperand=com.banyumas.wisata.core.common.UiState.Loading
          CALL 'private final fun LoginScreen$lambda$0 ($authState$delegate: androidx.compose.runtime.State<com.banyumas.wisata.core.common.UiState<com.banyumas.wisata.core.model.User>>): com.banyumas.wisata.core.common.UiState<com.banyumas.wisata.core.model.User> declared in com.banyumas.wisata.feature.auth.LoginScreenKt' type=com.banyumas.wisata.core.common.UiState<com.banyumas.wisata.core.model.User> origin=GET_LOCAL_PROPERTY
            $authState$delegate: GET_VAR 'val authState$delegate: androidx.compose.runtime.State<com.banyumas.wisata.core.common.UiState<com.banyumas.wisata.core.model.User>> [val] declared in com.banyumas.wisata.feature.auth.LoginScreenKt.LoginScreen' type=androidx.compose.runtime.State<com.banyumas.wisata.core.common.UiState<com.banyumas.wisata.core.model.User>> origin=null
      CALL 'public final fun LoginContent (snackbarHostState: androidx.compose.material3.SnackbarHostState, email: kotlin.String, password: kotlin.String, onEmailChange: kotlin.Function1<kotlin.String, kotlin.Unit>, onPasswordChange: kotlin.Function1<kotlin.String, kotlin.Unit>, onForgotPasswordClick: kotlin.Function0<kotlin.Unit>, onSignupClick: kotlin.Function0<kotlin.Unit>, onSignInClick: kotlin.Function0<kotlin.Unit>, isLoading: kotlin.Boolean): kotlin.Unit declared in com.banyumas.wisata.feature.auth.LoginScreenKt' type=kotlin.Unit origin=null
        snackbarHostState: GET_VAR 'val snackbarHostState: androidx.compose.material3.SnackbarHostState [val] declared in com.banyumas.wisata.feature.auth.LoginScreenKt.LoginScreen' type=androidx.compose.material3.SnackbarHostState origin=null
        email: GET_VAR 'val tmp0_email: kotlin.String [val] declared in com.banyumas.wisata.feature.auth.LoginScreenKt.LoginScreen' type=kotlin.String origin=null
        password: GET_VAR 'val tmp1_password: kotlin.String [val] declared in com.banyumas.wisata.feature.auth.LoginScreenKt.LoginScreen' type=kotlin.String origin=null
        onEmailChange: BLOCK type=kotlin.Function1<kotlin.String, kotlin.Unit> origin=LAMBDA
          COMPOSITE type=kotlin.Unit origin=null
          CALL 'public final fun <jvm-indy> <T> (dynamicCall: T of kotlin.jvm.internal.<jvm-indy>, bootstrapMethodHandle: kotlin.Any, vararg bootstrapMethodArguments: kotlin.Any): T of kotlin.jvm.internal.<jvm-indy> declared in kotlin.jvm.internal' type=kotlin.Function1<kotlin.String, kotlin.Unit> origin=null
            <T>: kotlin.Function1<kotlin.String, kotlin.Unit>
            dynamicCall: CALL 'public final fun invoke (p0: androidx.compose.runtime.MutableState<kotlin.String>): kotlin.Function1<kotlin.String, kotlin.Unit> declared in kotlin.jvm.internal.invokeDynamic' type=kotlin.Function1<kotlin.String, kotlin.Unit> origin=null
              p0: GET_VAR 'val email$delegate: androidx.compose.runtime.MutableState<kotlin.String> [val] declared in com.banyumas.wisata.feature.auth.LoginScreenKt.LoginScreen' type=androidx.compose.runtime.MutableState<kotlin.String> origin=null
            bootstrapMethodHandle: CALL 'public final fun <jvm-method-handle> (tag: kotlin.Int, owner: kotlin.String, name: kotlin.String, descriptor: kotlin.String, isInterface: kotlin.Boolean): kotlin.Any declared in kotlin.jvm.internal' type=kotlin.Any origin=null
              tag: CONST Int type=kotlin.Int value=6
              owner: CONST String type=kotlin.String value="java/lang/invoke/LambdaMetafactory"
              name: CONST String type=kotlin.String value="metafactory"
              descriptor: CONST String type=kotlin.String value="(Ljava/lang/invoke/MethodHandles$Lookup;Ljava/lang/String;Ljava/lang/invoke/MethodType;Ljava/lang/invoke/MethodType;Ljava/lang/invoke/MethodHandle;Ljava/lang/invoke/MethodType;)Ljava/lang/invoke/CallSite;"
              isInterface: CONST Boolean type=kotlin.Boolean value=false
            bootstrapMethodArguments: VARARG type=kotlin.Array<kotlin.Any> varargElementType=kotlin.Any
              CALL 'public final fun <jvm-original-method-type> (method: kotlin.Any): kotlin.Any declared in kotlin.jvm.internal' type=kotlin.Any origin=null
                method: RAW_FUNCTION_REFERENCE 'public abstract fun invoke (p1: P1 of kotlin.Function1): R of kotlin.Function1 [operator] declared in kotlin.Function1' type=kotlin.Any
              RAW_FUNCTION_REFERENCE 'private final fun LoginScreen$lambda$8 ($email$delegate: androidx.compose.runtime.MutableState<kotlin.String>, it: kotlin.String): kotlin.Unit? declared in com.banyumas.wisata.feature.auth.LoginScreenKt' type=kotlin.Any
              CALL 'public final fun <jvm-original-method-type> (method: kotlin.Any): kotlin.Any declared in kotlin.jvm.internal' type=kotlin.Any origin=null
                method: RAW_FUNCTION_REFERENCE 'public abstract fun invoke (p1: kotlin.String): kotlin.Unit? [fake_override,operator] declared in kotlin.jvm.internal.invokeDynamic.<fake>' type=kotlin.Any
        onPasswordChange: BLOCK type=kotlin.Function1<kotlin.String, kotlin.Unit> origin=LAMBDA
          COMPOSITE type=kotlin.Unit origin=null
          CALL 'public final fun <jvm-indy> <T> (dynamicCall: T of kotlin.jvm.internal.<jvm-indy>, bootstrapMethodHandle: kotlin.Any, vararg bootstrapMethodArguments: kotlin.Any): T of kotlin.jvm.internal.<jvm-indy> declared in kotlin.jvm.internal' type=kotlin.Function1<kotlin.String, kotlin.Unit> origin=null
            <T>: kotlin.Function1<kotlin.String, kotlin.Unit>
            dynamicCall: CALL 'public final fun invoke (p0: androidx.compose.runtime.MutableState<kotlin.String>): kotlin.Function1<kotlin.String, kotlin.Unit> declared in kotlin.jvm.internal.invokeDynamic' type=kotlin.Function1<kotlin.String, kotlin.Unit> origin=null
              p0: GET_VAR 'val password$delegate: androidx.compose.runtime.MutableState<kotlin.String> [val] declared in com.banyumas.wisata.feature.auth.LoginScreenKt.LoginScreen' type=androidx.compose.runtime.MutableState<kotlin.String> origin=null
            bootstrapMethodHandle: CALL 'public final fun <jvm-method-handle> (tag: kotlin.Int, owner: kotlin.String, name: kotlin.String, descriptor: kotlin.String, isInterface: kotlin.Boolean): kotlin.Any declared in kotlin.jvm.internal' type=kotlin.Any origin=null
              tag: CONST Int type=kotlin.Int value=6
              owner: CONST String type=kotlin.String value="java/lang/invoke/LambdaMetafactory"
              name: CONST String type=kotlin.String value="metafactory"
              descriptor: CONST String type=kotlin.String value="(Ljava/lang/invoke/MethodHandles$Lookup;Ljava/lang/String;Ljava/lang/invoke/MethodType;Ljava/lang/invoke/MethodType;Ljava/lang/invoke/MethodHandle;Ljava/lang/invoke/MethodType;)Ljava/lang/invoke/CallSite;"
              isInterface: CONST Boolean type=kotlin.Boolean value=false
            bootstrapMethodArguments: VARARG type=kotlin.Array<kotlin.Any> varargElementType=kotlin.Any
              CALL 'public final fun <jvm-original-method-type> (method: kotlin.Any): kotlin.Any declared in kotlin.jvm.internal' type=kotlin.Any origin=null
                method: RAW_FUNCTION_REFERENCE 'public abstract fun invoke (p1: P1 of kotlin.Function1): R of kotlin.Function1 [operator] declared in kotlin.Function1' type=kotlin.Any
              RAW_FUNCTION_REFERENCE 'private final fun LoginScreen$lambda$9 ($password$delegate: androidx.compose.runtime.MutableState<kotlin.String>, it: kotlin.String): kotlin.Unit? declared in com.banyumas.wisata.feature.auth.LoginScreenKt' type=kotlin.Any
              CALL 'public final fun <jvm-original-method-type> (method: kotlin.Any): kotlin.Any declared in kotlin.jvm.internal' type=kotlin.Any origin=null
                method: RAW_FUNCTION_REFERENCE 'public abstract fun invoke (p1: kotlin.String): kotlin.Unit? [fake_override,operator] declared in kotlin.jvm.internal.invokeDynamic.<fake>' type=kotlin.Any
        onForgotPasswordClick: GET_VAR 'onForgotPasswordClick: kotlin.Function0<kotlin.Unit> declared in com.banyumas.wisata.feature.auth.LoginScreenKt.LoginScreen' type=kotlin.Function0<kotlin.Unit> origin=null
        onSignupClick: GET_VAR 'onSignupClick: kotlin.Function0<kotlin.Unit> declared in com.banyumas.wisata.feature.auth.LoginScreenKt.LoginScreen' type=kotlin.Function0<kotlin.Unit> origin=null
        onSignInClick: BLOCK type=kotlin.Function0<kotlin.Unit> origin=LAMBDA
          COMPOSITE type=kotlin.Unit origin=null
          CALL 'public final fun <jvm-indy> <T> (dynamicCall: T of kotlin.jvm.internal.<jvm-indy>, bootstrapMethodHandle: kotlin.Any, vararg bootstrapMethodArguments: kotlin.Any): T of kotlin.jvm.internal.<jvm-indy> declared in kotlin.jvm.internal' type=kotlin.Function0<kotlin.Unit> origin=null
            <T>: kotlin.Function0<kotlin.Unit>
            dynamicCall: CALL 'public final fun invoke (p0: androidx.compose.ui.focus.FocusManager, p1: com.banyumas.wisata.feature.auth.UserViewModel, p2: androidx.compose.runtime.MutableState<kotlin.String>, p3: androidx.compose.runtime.MutableState<kotlin.String>): kotlin.Function0<kotlin.Unit> declared in kotlin.jvm.internal.invokeDynamic' type=kotlin.Function0<kotlin.Unit> origin=null
              p0: GET_VAR 'val focusManager: androidx.compose.ui.focus.FocusManager [val] declared in com.banyumas.wisata.feature.auth.LoginScreenKt.LoginScreen' type=androidx.compose.ui.focus.FocusManager origin=null
              p1: GET_VAR 'viewModel: com.banyumas.wisata.feature.auth.UserViewModel declared in com.banyumas.wisata.feature.auth.LoginScreenKt.LoginScreen' type=com.banyumas.wisata.feature.auth.UserViewModel origin=null
              p2: GET_VAR 'val email$delegate: androidx.compose.runtime.MutableState<kotlin.String> [val] declared in com.banyumas.wisata.feature.auth.LoginScreenKt.LoginScreen' type=androidx.compose.runtime.MutableState<kotlin.String> origin=null
              p3: GET_VAR 'val password$delegate: androidx.compose.runtime.MutableState<kotlin.String> [val] declared in com.banyumas.wisata.feature.auth.LoginScreenKt.LoginScreen' type=androidx.compose.runtime.MutableState<kotlin.String> origin=null
            bootstrapMethodHandle: CALL 'public final fun <jvm-method-handle> (tag: kotlin.Int, owner: kotlin.String, name: kotlin.String, descriptor: kotlin.String, isInterface: kotlin.Boolean): kotlin.Any declared in kotlin.jvm.internal' type=kotlin.Any origin=null
              tag: CONST Int type=kotlin.Int value=6
              owner: CONST String type=kotlin.String value="java/lang/invoke/LambdaMetafactory"
              name: CONST String type=kotlin.String value="metafactory"
              descriptor: CONST String type=kotlin.String value="(Ljava/lang/invoke/MethodHandles$Lookup;Ljava/lang/String;Ljava/lang/invoke/MethodType;Ljava/lang/invoke/MethodType;Ljava/lang/invoke/MethodHandle;Ljava/lang/invoke/MethodType;)Ljava/lang/invoke/CallSite;"
              isInterface: CONST Boolean type=kotlin.Boolean value=false
            bootstrapMethodArguments: VARARG type=kotlin.Array<kotlin.Any> varargElementType=kotlin.Any
              CALL 'public final fun <jvm-original-method-type> (method: kotlin.Any): kotlin.Any declared in kotlin.jvm.internal' type=kotlin.Any origin=null
                method: RAW_FUNCTION_REFERENCE 'public abstract fun invoke (): R of kotlin.Function0 [operator] declared in kotlin.Function0' type=kotlin.Any
              RAW_FUNCTION_REFERENCE 'private final fun LoginScreen$lambda$10 ($focusManager: androidx.compose.ui.focus.FocusManager, $viewModel: com.banyumas.wisata.feature.auth.UserViewModel, $email$delegate: androidx.compose.runtime.MutableState<kotlin.String>, $password$delegate: androidx.compose.runtime.MutableState<kotlin.String>): kotlin.Unit? declared in com.banyumas.wisata.feature.auth.LoginScreenKt' type=kotlin.Any
              CALL 'public final fun <jvm-original-method-type> (method: kotlin.Any): kotlin.Any declared in kotlin.jvm.internal' type=kotlin.Any origin=null
                method: RAW_FUNCTION_REFERENCE 'public abstract fun invoke (): kotlin.Unit? [fake_override,operator] declared in kotlin.jvm.internal.invokeDynamic.<fake>' type=kotlin.Any
        isLoading: GET_VAR 'val tmp2_isLoading: kotlin.Boolean [val] declared in com.banyumas.wisata.feature.auth.LoginScreenKt.LoginScreen' type=kotlin.Boolean origin=null

	at org.jetbrains.kotlin.backend.jvm.codegen.FunctionCodegen.generate(FunctionCodegen.kt:48)
	at org.jetbrains.kotlin.backend.jvm.codegen.FunctionCodegen.generate$default(FunctionCodegen.kt:41)
	at org.jetbrains.kotlin.backend.jvm.codegen.ClassCodegen.generateMethodNode(ClassCodegen.kt:407)
	at org.jetbrains.kotlin.backend.jvm.codegen.ClassCodegen.generateMethod(ClassCodegen.kt:424)
	at org.jetbrains.kotlin.backend.jvm.codegen.ClassCodegen.generate(ClassCodegen.kt:169)
	at org.jetbrains.kotlin.backend.jvm.FileCodegen.lower(JvmPhases.kt:39)
	at org.jetbrains.kotlin.backend.common.phaser.PhaseFactoriesKt.createFilePhase$lambda$4(PhaseFactories.kt:71)
	at org.jetbrains.kotlin.backend.common.phaser.PhaseBuildersKt$createSimpleNamedCompilerPhase$1.phaseBody(PhaseBuilders.kt:69)
	at org.jetbrains.kotlin.backend.common.phaser.SimpleNamedCompilerPhase.phaseBody(CompilerPhase.kt:226)
	at org.jetbrains.kotlin.backend.common.phaser.AbstractNamedCompilerPhase.invoke(CompilerPhase.kt:113)
	at org.jetbrains.kotlin.backend.common.phaser.PerformByIrFilePhase.invokeSequential(performByIrFile.kt:52)
	... 45 more
Caused by: org.jetbrains.kotlin.codegen.CompilationException: Back-end (JVM) Internal error: Couldn't inline method call: CALL 'public final fun <get-current> (): T of androidx.compose.runtime.CompositionLocal [inline] declared in androidx.compose.runtime.CompositionLocal' type=android.content.Context origin=GET_PROPERTY
Method: null
File is unknown
The root cause java.lang.IllegalStateException was thrown at: org.jetbrains.kotlin.codegen.inline.SourceCompilerForInlineKt.getMethodNode(SourceCompilerForInline.kt:118)
	at org.jetbrains.kotlin.codegen.inline.InlineCodegen.performInline(InlineCodegen.kt:65)
	at org.jetbrains.kotlin.backend.jvm.codegen.IrInlineCodegen.genInlineCall(IrInlineCodegen.kt:163)
	at org.jetbrains.kotlin.backend.jvm.codegen.IrInlineCallGenerator.genCall(IrInlineCallGenerator.kt:36)
	at org.jetbrains.kotlin.backend.jvm.codegen.ExpressionCodegen.visitCall(ExpressionCodegen.kt:598)
	at org.jetbrains.kotlin.backend.jvm.codegen.ExpressionCodegen.visitCall(ExpressionCodegen.kt:134)
	at org.jetbrains.kotlin.ir.expressions.IrCall.accept(IrCall.kt:24)
	at org.jetbrains.kotlin.backend.jvm.codegen.ExpressionCodegen.visitVariable(ExpressionCodegen.kt:735)
	at org.jetbrains.kotlin.backend.jvm.codegen.ExpressionCodegen.visitVariable(ExpressionCodegen.kt:134)
	at org.jetbrains.kotlin.ir.declarations.IrVariable.accept(IrVariable.kt:36)
	at org.jetbrains.kotlin.backend.jvm.codegen.ExpressionCodegen.visitStatementContainer(ExpressionCodegen.kt:524)
	at org.jetbrains.kotlin.backend.jvm.codegen.ExpressionCodegen.visitBlockBody(ExpressionCodegen.kt:529)
	at org.jetbrains.kotlin.backend.jvm.codegen.ExpressionCodegen.visitBlockBody(ExpressionCodegen.kt:134)
	at org.jetbrains.kotlin.ir.expressions.IrBlockBody.accept(IrBlockBody.kt:20)
	at org.jetbrains.kotlin.backend.jvm.codegen.ExpressionCodegen.generate(ExpressionCodegen.kt:236)
	at org.jetbrains.kotlin.backend.jvm.codegen.FunctionCodegen.doGenerate(FunctionCodegen.kt:124)
	at org.jetbrains.kotlin.backend.jvm.codegen.FunctionCodegen.generate(FunctionCodegen.kt:45)
	... 55 more
Caused by: java.lang.IllegalStateException: couldn't find inline method Landroidx/compose/runtime/CompositionLocal;.getCurrent()Ljava/lang/Object;
	at org.jetbrains.kotlin.codegen.inline.SourceCompilerForInlineKt.getMethodNode(SourceCompilerForInline.kt:118)
	at org.jetbrains.kotlin.codegen.inline.SourceCompilerForInlineKt.loadCompiledInlineFunction(SourceCompilerForInline.kt:96)
	at org.jetbrains.kotlin.backend.jvm.codegen.IrSourceCompilerForInline.compileInlineFunction(IrSourceCompilerForInline.kt:91)
	at org.jetbrains.kotlin.codegen.inline.InlineCodegen.compileInline(InlineCodegen.kt:43)
	at org.jetbrains.kotlin.codegen.inline.InlineCodegen.performInline(InlineCodegen.kt:51)
	... 70 more


