kotlin version: 2.1.10
error message: org.jetbrains.kotlin.backend.common.BackendException: Backend Internal error: Exception during IR lowering
File being compiled: /home/ramada/Documents/android-kotlin/wisata-banyumas/feature/auth/src/main/java/com/banyumas/wisata/feature/auth/RegisterScreen.kt
The root cause java.lang.RuntimeException was thrown at: org.jetbrains.kotlin.backend.jvm.codegen.FunctionCodegen.generate(FunctionCodegen.kt:48)
	at org.jetbrains.kotlin.backend.common.CodegenUtil.reportBackendException(CodegenUtil.kt:253)
	at org.jetbrains.kotlin.backend.common.CodegenUtil.reportBackendException$default(CodegenUtil.kt:236)
	at org.jetbrains.kotlin.backend.common.phaser.PerformByIrFilePhase.invokeSequential(performByIrFile.kt:55)
	at org.jetbrains.kotlin.backend.common.phaser.PerformByIrFilePhase.invoke(performByIrFile.kt:42)
	at org.jetbrains.kotlin.backend.common.phaser.PerformByIrFilePhase.invoke(performByIrFile.kt:28)
	at org.jetbrains.kotlin.backend.common.phaser.NamedCompilerPhase.phaseBody(CompilerPhase.kt:166)
	at org.jetbrains.kotlin.backend.common.phaser.AbstractNamedCompilerPhase.invoke(CompilerPhase.kt:113)
	at org.jetbrains.kotlin.backend.common.phaser.CompositePhase.invoke(PhaseBuilders.kt:27)
	at org.jetbrains.kotlin.backend.common.phaser.CompositePhase.invoke(PhaseBuilders.kt:14)
	at org.jetbrains.kotlin.backend.common.phaser.NamedCompilerPhase.phaseBody(CompilerPhase.kt:166)
	at org.jetbrains.kotlin.backend.common.phaser.AbstractNamedCompilerPhase.invoke(CompilerPhase.kt:113)
	at org.jetbrains.kotlin.backend.common.phaser.CompilerPhaseKt.invokeToplevel(CompilerPhase.kt:62)
	at org.jetbrains.kotlin.backend.jvm.JvmIrCodegenFactory.invokeCodegen(JvmIrCodegenFactory.kt:371)
	at org.jetbrains.kotlin.codegen.CodegenFactory.generateModule(CodegenFactory.kt:47)
	at org.jetbrains.kotlin.backend.jvm.JvmIrCodegenFactory.generateModuleInFrontendIRMode(JvmIrCodegenFactory.kt:433)
	at org.jetbrains.kotlin.cli.jvm.compiler.pipeline.JvmCompilerPipelineKt.generateCodeFromIr(jvmCompilerPipeline.kt:192)
	at org.jetbrains.kotlin.cli.jvm.compiler.pipeline.JvmCompilerPipelineKt.runBackend(jvmCompilerPipeline.kt:80)
	at org.jetbrains.kotlin.cli.jvm.compiler.pipeline.JvmCompilerPipelineLightTreeKt.compileModule(jvmCompilerPipelineLightTree.kt:264)
	at org.jetbrains.kotlin.cli.jvm.compiler.pipeline.JvmCompilerPipelineLightTreeKt.compileSingleModuleUsingFrontendIrAndLightTree(jvmCompilerPipelineLightTree.kt:231)
	at org.jetbrains.kotlin.cli.jvm.compiler.pipeline.JvmCompilerPipelineLightTreeKt.compileModulesUsingFrontendIrAndLightTree(jvmCompilerPipelineLightTree.kt:86)
	at org.jetbrains.kotlin.cli.jvm.K2JVMCompiler.doExecute(K2JVMCompiler.kt:146)
	at org.jetbrains.kotlin.cli.jvm.K2JVMCompiler.doExecute(K2JVMCompiler.kt:43)
	at org.jetbrains.kotlin.cli.common.CLICompiler.execImpl(CLICompiler.kt:102)
	at org.jetbrains.kotlin.cli.common.CLICompiler.exec(CLICompiler.kt:316)
	at org.jetbrains.kotlin.incremental.IncrementalJvmCompilerRunner.runCompiler(IncrementalJvmCompilerRunner.kt:464)
	at org.jetbrains.kotlin.incremental.IncrementalJvmCompilerRunner.runCompiler(IncrementalJvmCompilerRunner.kt:73)
	at org.jetbrains.kotlin.incremental.IncrementalCompilerRunner.doCompile(IncrementalCompilerRunner.kt:506)
	at org.jetbrains.kotlin.incremental.IncrementalCompilerRunner.compileImpl(IncrementalCompilerRunner.kt:423)
	at org.jetbrains.kotlin.incremental.IncrementalCompilerRunner.compileNonIncrementally(IncrementalCompilerRunner.kt:301)
	at org.jetbrains.kotlin.incremental.IncrementalCompilerRunner.compile(IncrementalCompilerRunner.kt:129)
	at org.jetbrains.kotlin.daemon.CompileServiceImplBase.execIncrementalCompiler(CompileServiceImpl.kt:683)
	at org.jetbrains.kotlin.daemon.CompileServiceImplBase.access$execIncrementalCompiler(CompileServiceImpl.kt:91)
	at org.jetbrains.kotlin.daemon.CompileServiceImpl.compile(CompileServiceImpl.kt:1811)
	at java.base/jdk.internal.reflect.DirectMethodHandleAccessor.invoke(Unknown Source)
	at java.base/java.lang.reflect.Method.invoke(Unknown Source)
	at java.rmi/sun.rmi.server.UnicastServerRef.dispatch(Unknown Source)
	at java.rmi/sun.rmi.transport.Transport$1.run(Unknown Source)
	at java.rmi/sun.rmi.transport.Transport$1.run(Unknown Source)
	at java.base/java.security.AccessController.doPrivileged(Unknown Source)
	at java.rmi/sun.rmi.transport.Transport.serviceCall(Unknown Source)
	at java.rmi/sun.rmi.transport.tcp.TCPTransport.handleMessages(Unknown Source)
	at java.rmi/sun.rmi.transport.tcp.TCPTransport$ConnectionHandler.run0(Unknown Source)
	at java.rmi/sun.rmi.transport.tcp.TCPTransport$ConnectionHandler.lambda$run$0(Unknown Source)
	at java.base/java.security.AccessController.doPrivileged(Unknown Source)
	at java.rmi/sun.rmi.transport.tcp.TCPTransport$ConnectionHandler.run(Unknown Source)
	at java.base/java.util.concurrent.ThreadPoolExecutor.runWorker(Unknown Source)
	at java.base/java.util.concurrent.ThreadPoolExecutor$Worker.run(Unknown Source)
	at java.base/java.lang.Thread.run(Unknown Source)
Caused by: java.lang.RuntimeException: Exception while generating code for:
FUN name:RegisterScreen visibility:public modality:FINAL <> (onSignInClick:kotlin.Function0<kotlin.Unit>, viewModel:com.banyumas.wisata.feature.auth.UserViewModel) returnType:kotlin.Unit
  annotations:
    Composable
  VALUE_PARAMETER name:onSignInClick index:0 type:kotlin.Function0<kotlin.Unit>
  VALUE_PARAMETER name:viewModel index:1 type:com.banyumas.wisata.feature.auth.UserViewModel
    EXPRESSION_BODY
      ERROR_EXPR 'Default Stub' type=com.banyumas.wisata.feature.auth.UserViewModel
  BLOCK_BODY
    VAR name:context type:android.content.Context [val]
      CALL 'public final fun <get-current> (): T of androidx.compose.runtime.CompositionLocal [inline] declared in androidx.compose.runtime.CompositionLocal' type=android.content.Context origin=GET_PROPERTY
        $this: TYPE_OP type=androidx.compose.runtime.CompositionLocal<T of androidx.compose.runtime.CompositionLocal> origin=IMPLICIT_CAST typeOperand=androidx.compose.runtime.CompositionLocal<T of androidx.compose.runtime.CompositionLocal>
          CALL 'public final fun <get-LocalContext> (): androidx.compose.runtime.ProvidableCompositionLocal<android.content.Context> declared in androidx.compose.ui.platform.AndroidCompositionLocals_androidKt' type=androidx.compose.runtime.ProvidableCompositionLocal<android.content.Context> origin=GET_PROPERTY
    VAR PROPERTY_DELEGATE name:authState$delegate type:androidx.compose.runtime.State<com.banyumas.wisata.core.common.UiState<com.banyumas.wisata.core.model.User>> [val]
      TYPE_OP type=androidx.compose.runtime.State<com.banyumas.wisata.core.common.UiState<com.banyumas.wisata.core.model.User>> origin=IMPLICIT_CAST typeOperand=androidx.compose.runtime.State<com.banyumas.wisata.core.common.UiState<com.banyumas.wisata.core.model.User>>
        CALL 'public final fun collectAsState$default <T> (context: kotlin.coroutines.CoroutineContext?, $mask0: kotlin.Int, $handler: kotlin.Any?): androidx.compose.runtime.State<T of androidx.compose.runtime.SnapshotStateKt.collectAsState$default> declared in androidx.compose.runtime.SnapshotStateKt' type=androidx.compose.runtime.State<T of androidx.compose.runtime.SnapshotStateKt.collectAsState$default> origin=DEFAULT_DISPATCH_CALL
          <T>: com.banyumas.wisata.core.common.UiState<com.banyumas.wisata.core.model.User>
          $receiver: CALL 'public final fun <get-authState> (): kotlinx.coroutines.flow.StateFlow<com.banyumas.wisata.core.common.UiState<com.banyumas.wisata.core.model.User>> declared in com.banyumas.wisata.feature.auth.UserViewModel' type=kotlinx.coroutines.flow.StateFlow<com.banyumas.wisata.core.common.UiState<com.banyumas.wisata.core.model.User>> origin=GET_PROPERTY
            $this: GET_VAR 'viewModel: com.banyumas.wisata.feature.auth.UserViewModel declared in com.banyumas.wisata.feature.auth.RegisterScreenKt.RegisterScreen' type=com.banyumas.wisata.feature.auth.UserViewModel origin=null
          context: COMPOSITE type=kotlin.coroutines.CoroutineContext? origin=DEFAULT_VALUE
            CONST Null type=kotlin.coroutines.CoroutineContext? value=null
          $mask0: CONST Int type=kotlin.Int value=1
          $handler: CONST Null type=kotlin.Any? value=null
    VAR PROPERTY_DELEGATE name:email$delegate type:androidx.compose.runtime.MutableState<kotlin.String> [val]
      CALL 'public final fun remember <T> (calculation: @[DisallowComposableCalls] kotlin.Function0<T of androidx.compose.runtime.ComposablesKt.remember>): T of androidx.compose.runtime.ComposablesKt.remember [inline] declared in androidx.compose.runtime.ComposablesKt' type=androidx.compose.runtime.MutableState<kotlin.String> origin=null
        <T>: androidx.compose.runtime.MutableState<kotlin.String>
        calculation: BLOCK type=kotlin.Function0<androidx.compose.runtime.MutableState<kotlin.String>> origin=LAMBDA
          COMPOSITE type=kotlin.Unit origin=null
          FUNCTION_REFERENCE 'private final fun RegisterScreen$lambda$1 (): androidx.compose.runtime.MutableState<kotlin.String> declared in com.banyumas.wisata.feature.auth.RegisterScreenKt' type=kotlin.Function0<androidx.compose.runtime.MutableState<kotlin.String>> origin=INLINE_LAMBDA reflectionTarget=null
    VAR PROPERTY_DELEGATE name:password$delegate type:androidx.compose.runtime.MutableState<kotlin.String> [val]
      CALL 'public final fun remember <T> (calculation: @[DisallowComposableCalls] kotlin.Function0<T of androidx.compose.runtime.ComposablesKt.remember>): T of androidx.compose.runtime.ComposablesKt.remember [inline] declared in androidx.compose.runtime.ComposablesKt' type=androidx.compose.runtime.MutableState<kotlin.String> origin=null
        <T>: androidx.compose.runtime.MutableState<kotlin.String>
        calculation: BLOCK type=kotlin.Function0<androidx.compose.runtime.MutableState<kotlin.String>> origin=LAMBDA
          COMPOSITE type=kotlin.Unit origin=null
          FUNCTION_REFERENCE 'private final fun RegisterScreen$lambda$4 (): androidx.compose.runtime.MutableState<kotlin.String> declared in com.banyumas.wisata.feature.auth.RegisterScreenKt' type=kotlin.Function0<androidx.compose.runtime.MutableState<kotlin.String>> origin=INLINE_LAMBDA reflectionTarget=null
    VAR PROPERTY_DELEGATE name:username$delegate type:androidx.compose.runtime.MutableState<kotlin.String> [val]
      CALL 'public final fun remember <T> (calculation: @[DisallowComposableCalls] kotlin.Function0<T of androidx.compose.runtime.ComposablesKt.remember>): T of androidx.compose.runtime.ComposablesKt.remember [inline] declared in androidx.compose.runtime.ComposablesKt' type=androidx.compose.runtime.MutableState<kotlin.String> origin=null
        <T>: androidx.compose.runtime.MutableState<kotlin.String>
        calculation: BLOCK type=kotlin.Function0<androidx.compose.runtime.MutableState<kotlin.String>> origin=LAMBDA
          COMPOSITE type=kotlin.Unit origin=null
          FUNCTION_REFERENCE 'private final fun RegisterScreen$lambda$7 (): androidx.compose.runtime.MutableState<kotlin.String> declared in com.banyumas.wisata.feature.auth.RegisterScreenKt' type=kotlin.Function0<androidx.compose.runtime.MutableState<kotlin.String>> origin=INLINE_LAMBDA reflectionTarget=null
    VAR name:isLoading type:kotlin.Boolean [val]
      TYPE_OP type=kotlin.Boolean origin=INSTANCEOF typeOperand=com.banyumas.wisata.core.common.UiState.Loading
        CALL 'private final fun RegisterScreen$lambda$0 ($authState$delegate: androidx.compose.runtime.State<com.banyumas.wisata.core.common.UiState<com.banyumas.wisata.core.model.User>>): com.banyumas.wisata.core.common.UiState<com.banyumas.wisata.core.model.User> declared in com.banyumas.wisata.feature.auth.RegisterScreenKt' type=com.banyumas.wisata.core.common.UiState<com.banyumas.wisata.core.model.User> origin=GET_LOCAL_PROPERTY
          $authState$delegate: GET_VAR 'val authState$delegate: androidx.compose.runtime.State<com.banyumas.wisata.core.common.UiState<com.banyumas.wisata.core.model.User>> [val] declared in com.banyumas.wisata.feature.auth.RegisterScreenKt.RegisterScreen' type=androidx.compose.runtime.State<com.banyumas.wisata.core.common.UiState<com.banyumas.wisata.core.model.User>> origin=null
    CALL 'public final fun LaunchedEffect (key1: kotlin.Any?, block: @[ExtensionFunctionType] kotlin.coroutines.SuspendFunction1<kotlinx.coroutines.CoroutineScope, kotlin.Unit>): kotlin.Unit declared in androidx.compose.runtime.EffectsKt' type=kotlin.Unit origin=null
      key1: CALL 'private final fun RegisterScreen$lambda$0 ($authState$delegate: androidx.compose.runtime.State<com.banyumas.wisata.core.common.UiState<com.banyumas.wisata.core.model.User>>): com.banyumas.wisata.core.common.UiState<com.banyumas.wisata.core.model.User> declared in com.banyumas.wisata.feature.auth.RegisterScreenKt' type=com.banyumas.wisata.core.common.UiState<com.banyumas.wisata.core.model.User> origin=GET_LOCAL_PROPERTY
        $authState$delegate: GET_VAR 'val authState$delegate: androidx.compose.runtime.State<com.banyumas.wisata.core.common.UiState<com.banyumas.wisata.core.model.User>> [val] declared in com.banyumas.wisata.feature.auth.RegisterScreenKt.RegisterScreen' type=androidx.compose.runtime.State<com.banyumas.wisata.core.common.UiState<com.banyumas.wisata.core.model.User>> origin=null
      block: BLOCK type=com.banyumas.wisata.feature.auth.RegisterScreenKt.RegisterScreen.<no name provided> origin=null
        CLASS SUSPEND_LAMBDA CLASS name:<no name provided> modality:FINAL visibility:public/*package*/ superTypes:[kotlin.coroutines.jvm.internal.SuspendLambda; kotlin.jvm.functions.Function2<kotlinx.coroutines.CoroutineScope, kotlin.coroutines.Continuation<kotlin.Unit>?, kotlin.Any?>]
          $this: VALUE_PARAMETER INSTANCE_RECEIVER name:<this> type:com.banyumas.wisata.feature.auth.RegisterScreenKt.RegisterScreen.<no name provided>
          FIELD name:label type:kotlin.Int visibility:public/*package*/
          CONSTRUCTOR SUSPEND_LAMBDA visibility:public/*package*/ <> ($context:android.content.Context, $authState$delegate:androidx.compose.runtime.State<com.banyumas.wisata.core.common.UiState<com.banyumas.wisata.core.model.User>>, $completion:kotlin.coroutines.Continuation<com.banyumas.wisata.feature.auth.RegisterScreenKt.RegisterScreen.<no name provided>>?) returnType:com.banyumas.wisata.feature.auth.RegisterScreenKt.RegisterScreen.<no name provided> [primary]
            VALUE_PARAMETER BOUND_VALUE_PARAMETER name:$context index:0 type:android.content.Context
            VALUE_PARAMETER BOUND_VALUE_PARAMETER name:$authState$delegate index:1 type:androidx.compose.runtime.State<com.banyumas.wisata.core.common.UiState<com.banyumas.wisata.core.model.User>>
            VALUE_PARAMETER name:$completion index:2 type:kotlin.coroutines.Continuation<com.banyumas.wisata.feature.auth.RegisterScreenKt.RegisterScreen.<no name provided>>?
            BLOCK_BODY
              SET_FIELD 'FIELD FIELD_FOR_CAPTURED_VALUE name:$context type:android.content.Context visibility:public/*package*/ [final] declared in com.banyumas.wisata.feature.auth.RegisterScreenKt.RegisterScreen.<no name provided>' type=kotlin.Unit origin=INITIALIZER_OF_FIELD_FOR_CAPTURED_VALUE
                receiver: GET_VAR '<this>: com.banyumas.wisata.feature.auth.RegisterScreenKt.RegisterScreen.<no name provided> declared in com.banyumas.wisata.feature.auth.RegisterScreenKt.RegisterScreen.<no name provided>' type=com.banyumas.wisata.feature.auth.RegisterScreenKt.RegisterScreen.<no name provided> origin=null
                value: GET_VAR '$context: android.content.Context declared in com.banyumas.wisata.feature.auth.RegisterScreenKt.RegisterScreen.<no name provided>.<init>' type=android.content.Context origin=null
              SET_FIELD 'FIELD FIELD_FOR_CAPTURED_VALUE name:$authState$delegate type:androidx.compose.runtime.State<com.banyumas.wisata.core.common.UiState<com.banyumas.wisata.core.model.User>> visibility:public/*package*/ [final] declared in com.banyumas.wisata.feature.auth.RegisterScreenKt.RegisterScreen.<no name provided>' type=kotlin.Unit origin=INITIALIZER_OF_FIELD_FOR_CAPTURED_VALUE
                receiver: GET_VAR '<this>: com.banyumas.wisata.feature.auth.RegisterScreenKt.RegisterScreen.<no name provided> declared in com.banyumas.wisata.feature.auth.RegisterScreenKt.RegisterScreen.<no name provided>' type=com.banyumas.wisata.feature.auth.RegisterScreenKt.RegisterScreen.<no name provided> origin=null
                value: GET_VAR '$authState$delegate: androidx.compose.runtime.State<com.banyumas.wisata.core.common.UiState<com.banyumas.wisata.core.model.User>> declared in com.banyumas.wisata.feature.auth.RegisterScreenKt.RegisterScreen.<no name provided>.<init>' type=androidx.compose.runtime.State<com.banyumas.wisata.core.common.UiState<com.banyumas.wisata.core.model.User>> origin=null
              DELEGATING_CONSTRUCTOR_CALL 'public constructor <init> (arity: kotlin.Int, $completion: kotlin.coroutines.Continuation<kotlin.Any?>?) declared in kotlin.coroutines.jvm.internal.SuspendLambda'
                arity: CONST Int type=kotlin.Int value=2
                $completion: GET_VAR '$completion: kotlin.coroutines.Continuation<com.banyumas.wisata.feature.auth.RegisterScreenKt.RegisterScreen.<no name provided>>? declared in com.banyumas.wisata.feature.auth.RegisterScreenKt.RegisterScreen.<no name provided>.<init>' type=kotlin.coroutines.Continuation<com.banyumas.wisata.feature.auth.RegisterScreenKt.RegisterScreen.<no name provided>>? origin=null
              BLOCK type=kotlin.Unit origin=null
          FUN name:invokeSuspend visibility:public modality:FINAL <> ($this:com.banyumas.wisata.feature.auth.RegisterScreenKt.RegisterScreen.<no name provided>, $result:kotlin.Result<kotlin.Any?>) returnType:kotlin.Any?
            overridden:
              protected abstract fun invokeSuspend ($result: kotlin.Result<kotlin.Any?>): kotlin.Any? declared in kotlin.coroutines.jvm.internal.SuspendLambda
            $this: VALUE_PARAMETER INSTANCE_RECEIVER name:<this> type:com.banyumas.wisata.feature.auth.RegisterScreenKt.RegisterScreen.<no name provided>
            VALUE_PARAMETER name:$result index:0 type:kotlin.Result<kotlin.Any?>
            BLOCK_BODY
              BLOCK type=kotlin.Unit origin=WHEN
                VAR name:state type:com.banyumas.wisata.core.common.UiState<com.banyumas.wisata.core.model.User> [val]
                  CALL 'public final fun access$RegisterScreen$lambda$0 ($authState$delegate: androidx.compose.runtime.State<com.banyumas.wisata.core.common.UiState<com.banyumas.wisata.core.model.User>>): com.banyumas.wisata.core.common.UiState<com.banyumas.wisata.core.model.User> declared in com.banyumas.wisata.feature.auth.RegisterScreenKt' type=com.banyumas.wisata.core.common.UiState<com.banyumas.wisata.core.model.User> origin=GET_LOCAL_PROPERTY
                    $authState$delegate: GET_FIELD 'FIELD FIELD_FOR_CAPTURED_VALUE name:$authState$delegate type:androidx.compose.runtime.State<com.banyumas.wisata.core.common.UiState<com.banyumas.wisata.core.model.User>> visibility:public/*package*/ [final] declared in com.banyumas.wisata.feature.auth.RegisterScreenKt.RegisterScreen.<no name provided>' type=androidx.compose.runtime.State<com.banyumas.wisata.core.common.UiState<com.banyumas.wisata.core.model.User>> origin=null
                      receiver: GET_VAR '<this>: com.banyumas.wisata.feature.auth.RegisterScreenKt.RegisterScreen.<no name provided> declared in com.banyumas.wisata.feature.auth.RegisterScreenKt.RegisterScreen.<no name provided>.invokeSuspend' type=com.banyumas.wisata.feature.auth.RegisterScreenKt.RegisterScreen.<no name provided> origin=null
                WHEN type=kotlin.Unit origin=WHEN
                  BRANCH
                    if: TYPE_OP type=kotlin.Boolean origin=INSTANCEOF typeOperand=com.banyumas.wisata.core.common.UiState.Success<com.banyumas.wisata.core.model.User>
                      GET_VAR 'val state: com.banyumas.wisata.core.common.UiState<com.banyumas.wisata.core.model.User> [val] declared in com.banyumas.wisata.feature.auth.RegisterScreenKt.RegisterScreen.<no name provided>.invokeSuspend' type=com.banyumas.wisata.core.common.UiState<com.banyumas.wisata.core.model.User> origin=null
                    then: BLOCK type=kotlin.Unit origin=null
                      CALL 'public open fun show (): kotlin.Unit declared in android.widget.Toast' type=kotlin.Unit origin=null
                        $this: CALL 'public open fun makeText (p0: @[FlexibleNullability] android.content.Context?, p1: @[FlexibleNullability] kotlin.CharSequence?, p2: kotlin.Int): @[FlexibleNullability] android.widget.Toast? declared in android.widget.Toast' type=@[FlexibleNullability] android.widget.Toast? origin=null
                          p0: GET_FIELD 'FIELD FIELD_FOR_CAPTURED_VALUE name:$context type:android.content.Context visibility:public/*package*/ [final] declared in com.banyumas.wisata.feature.auth.RegisterScreenKt.RegisterScreen.<no name provided>' type=android.content.Context origin=null
                            receiver: GET_VAR '<this>: com.banyumas.wisata.feature.auth.RegisterScreenKt.RegisterScreen.<no name provided> declared in com.banyumas.wisata.feature.auth.RegisterScreenKt.RegisterScreen.<no name provided>.invokeSuspend' type=com.banyumas.wisata.feature.auth.RegisterScreenKt.RegisterScreen.<no name provided> origin=null
                          p1: CONST String type=kotlin.String value="Akun berhasil dibuat. Silahkan cek email untuk verifikasi."
                          p2: CONST Int type=kotlin.Int value=1
                  BRANCH
                    if: TYPE_OP type=kotlin.Boolean origin=INSTANCEOF typeOperand=com.banyumas.wisata.core.common.UiState.Error
                      GET_VAR 'val state: com.banyumas.wisata.core.common.UiState<com.banyumas.wisata.core.model.User> [val] declared in com.banyumas.wisata.feature.auth.RegisterScreenKt.RegisterScreen.<no name provided>.invokeSuspend' type=com.banyumas.wisata.core.common.UiState<com.banyumas.wisata.core.model.User> origin=null
                    then: BLOCK type=kotlin.Unit origin=null
                      CALL 'public open fun show (): kotlin.Unit declared in android.widget.Toast' type=kotlin.Unit origin=null
                        $this: CALL 'public open fun makeText (p0: @[FlexibleNullability] android.content.Context?, p1: @[FlexibleNullability] kotlin.CharSequence?, p2: kotlin.Int): @[FlexibleNullability] android.widget.Toast? declared in android.widget.Toast' type=@[FlexibleNullability] android.widget.Toast? origin=null
                          p0: GET_FIELD 'FIELD FIELD_FOR_CAPTURED_VALUE name:$context type:android.content.Context visibility:public/*package*/ [final] declared in com.banyumas.wisata.feature.auth.RegisterScreenKt.RegisterScreen.<no name provided>' type=android.content.Context origin=null
                            receiver: GET_VAR '<this>: com.banyumas.wisata.feature.auth.RegisterScreenKt.RegisterScreen.<no name provided> declared in com.banyumas.wisata.feature.auth.RegisterScreenKt.RegisterScreen.<no name provided>.invokeSuspend' type=com.banyumas.wisata.feature.auth.RegisterScreenKt.RegisterScreen.<no name provided> origin=null
                          p1: STRING_CONCATENATION type=kotlin.String
                            CONST String type=kotlin.String value="Registrasi gagal: "
                            CALL 'public final fun asString (context: android.content.Context): kotlin.String declared in com.banyumas.wisata.core.common.UiText' type=kotlin.String origin=null
                              $this: CALL 'public final fun <get-message> (): com.banyumas.wisata.core.common.UiText declared in com.banyumas.wisata.core.common.UiState.Error' type=com.banyumas.wisata.core.common.UiText origin=GET_PROPERTY
                                $this: TYPE_OP type=com.banyumas.wisata.core.common.UiState.Error origin=IMPLICIT_CAST typeOperand=com.banyumas.wisata.core.common.UiState.Error
                                  GET_VAR 'val state: com.banyumas.wisata.core.common.UiState<com.banyumas.wisata.core.model.User> [val] declared in com.banyumas.wisata.feature.auth.RegisterScreenKt.RegisterScreen.<no name provided>.invokeSuspend' type=com.banyumas.wisata.core.common.UiState<com.banyumas.wisata.core.model.User> origin=null
                              context: GET_FIELD 'FIELD FIELD_FOR_CAPTURED_VALUE name:$context type:android.content.Context visibility:public/*package*/ [final] declared in com.banyumas.wisata.feature.auth.RegisterScreenKt.RegisterScreen.<no name provided>' type=android.content.Context origin=null
                                receiver: GET_VAR '<this>: com.banyumas.wisata.feature.auth.RegisterScreenKt.RegisterScreen.<no name provided> declared in com.banyumas.wisata.feature.auth.RegisterScreenKt.RegisterScreen.<no name provided>.invokeSuspend' type=com.banyumas.wisata.feature.auth.RegisterScreenKt.RegisterScreen.<no name provided> origin=null
                          p2: CONST Int type=kotlin.Int value=1
                  BRANCH
                    if: CONST Boolean type=kotlin.Boolean value=true
                    then: GET_FIELD 'FIELD FIELD_FOR_OBJECT_INSTANCE name:INSTANCE type:kotlin.Unit visibility:public [final,static] declared in kotlin.Unit' type=kotlin.Unit origin=null
          FUN name:create visibility:public modality:FINAL <> ($this:com.banyumas.wisata.feature.auth.RegisterScreenKt.RegisterScreen.<no name provided>, value:kotlin.Any?, $completion:kotlin.coroutines.Continuation<kotlin.Nothing>) returnType:kotlin.coroutines.Continuation<kotlin.Unit>
            overridden:
              public open fun create (value: kotlin.Any?, $completion: kotlin.coroutines.Continuation<kotlin.Nothing>): kotlin.coroutines.Continuation<kotlin.Unit> declared in kotlin.coroutines.jvm.internal.SuspendLambda
            $this: VALUE_PARAMETER INSTANCE_RECEIVER name:<this> type:com.banyumas.wisata.feature.auth.RegisterScreenKt.RegisterScreen.<no name provided>
            VALUE_PARAMETER name:value index:0 type:kotlin.Any?
            VALUE_PARAMETER name:$completion index:1 type:kotlin.coroutines.Continuation<kotlin.Nothing>
            BLOCK_BODY
              RETURN type=kotlin.Nothing from='public final fun create (value: kotlin.Any?, $completion: kotlin.coroutines.Continuation<kotlin.Nothing>): kotlin.coroutines.Continuation<kotlin.Unit> declared in com.banyumas.wisata.feature.auth.RegisterScreenKt.RegisterScreen.<no name provided>'
                CONSTRUCTOR_CALL 'public/*package*/ constructor <init> ($context: android.content.Context, $authState$delegate: androidx.compose.runtime.State<com.banyumas.wisata.core.common.UiState<com.banyumas.wisata.core.model.User>>, $completion: kotlin.coroutines.Continuation<com.banyumas.wisata.feature.auth.RegisterScreenKt.RegisterScreen.<no name provided>>?) [primary] declared in com.banyumas.wisata.feature.auth.RegisterScreenKt.RegisterScreen.<no name provided>' type=com.banyumas.wisata.feature.auth.RegisterScreenKt.RegisterScreen.<no name provided> origin=null
                  $context: GET_FIELD 'FIELD FIELD_FOR_CAPTURED_VALUE name:$context type:android.content.Context visibility:public/*package*/ [final] declared in com.banyumas.wisata.feature.auth.RegisterScreenKt.RegisterScreen.<no name provided>' type=android.content.Context origin=null
                    receiver: GET_VAR '<this>: com.banyumas.wisata.feature.auth.RegisterScreenKt.RegisterScreen.<no name provided> declared in com.banyumas.wisata.feature.auth.RegisterScreenKt.RegisterScreen.<no name provided>.create' type=com.banyumas.wisata.feature.auth.RegisterScreenKt.RegisterScreen.<no name provided> origin=null
                  $authState$delegate: GET_FIELD 'FIELD FIELD_FOR_CAPTURED_VALUE name:$authState$delegate type:androidx.compose.runtime.State<com.banyumas.wisata.core.common.UiState<com.banyumas.wisata.core.model.User>> visibility:public/*package*/ [final] declared in com.banyumas.wisata.feature.auth.RegisterScreenKt.RegisterScreen.<no name provided>' type=androidx.compose.runtime.State<com.banyumas.wisata.core.common.UiState<com.banyumas.wisata.core.model.User>> origin=null
                    receiver: GET_VAR '<this>: com.banyumas.wisata.feature.auth.RegisterScreenKt.RegisterScreen.<no name provided> declared in com.banyumas.wisata.feature.auth.RegisterScreenKt.RegisterScreen.<no name provided>.create' type=com.banyumas.wisata.feature.auth.RegisterScreenKt.RegisterScreen.<no name provided> origin=null
                  $completion: GET_VAR '$completion: kotlin.coroutines.Continuation<kotlin.Nothing> declared in com.banyumas.wisata.feature.auth.RegisterScreenKt.RegisterScreen.<no name provided>.create' type=kotlin.coroutines.Continuation<kotlin.Nothing> origin=null
          FUN name:invoke visibility:public modality:FINAL <> ($this:com.banyumas.wisata.feature.auth.RegisterScreenKt.RegisterScreen.<no name provided>, p1:kotlinx.coroutines.CoroutineScope, p2:kotlin.coroutines.Continuation<kotlin.Unit>?) returnType:kotlin.Any?
            overridden:
              public abstract fun invoke (p1: P1 of kotlin.jvm.functions.Function2, p2: P2 of kotlin.jvm.functions.Function2): R of kotlin.jvm.functions.Function2 declared in kotlin.jvm.functions.Function2
            $this: VALUE_PARAMETER INSTANCE_RECEIVER name:<this> type:com.banyumas.wisata.feature.auth.RegisterScreenKt.RegisterScreen.<no name provided>
            VALUE_PARAMETER name:p1 index:0 type:kotlinx.coroutines.CoroutineScope
            VALUE_PARAMETER name:p2 index:1 type:kotlin.coroutines.Continuation<kotlin.Unit>?
            BLOCK_BODY
              RETURN type=kotlin.Nothing from='public final fun invoke (p1: kotlinx.coroutines.CoroutineScope, p2: kotlin.coroutines.Continuation<kotlin.Unit>?): kotlin.Any? declared in com.banyumas.wisata.feature.auth.RegisterScreenKt.RegisterScreen.<no name provided>'
                CALL 'public final fun invokeSuspend ($result: kotlin.Result<kotlin.Any?>): kotlin.Any? declared in com.banyumas.wisata.feature.auth.RegisterScreenKt.RegisterScreen.<no name provided>' type=kotlin.Any? origin=null
                  $this: TYPE_OP type=com.banyumas.wisata.feature.auth.RegisterScreenKt.RegisterScreen.<no name provided> origin=IMPLICIT_CAST typeOperand=com.banyumas.wisata.feature.auth.RegisterScreenKt.RegisterScreen.<no name provided>
                    CALL 'public final fun create (value: kotlin.Any?, $completion: kotlin.coroutines.Continuation<kotlin.Nothing>): kotlin.coroutines.Continuation<kotlin.Unit> declared in com.banyumas.wisata.feature.auth.RegisterScreenKt.RegisterScreen.<no name provided>' type=kotlin.coroutines.Continuation<kotlin.Unit> origin=null
                      $this: GET_VAR '<this>: com.banyumas.wisata.feature.auth.RegisterScreenKt.RegisterScreen.<no name provided> declared in com.banyumas.wisata.feature.auth.RegisterScreenKt.RegisterScreen.<no name provided>.invoke' type=com.banyumas.wisata.feature.auth.RegisterScreenKt.RegisterScreen.<no name provided> origin=null
                      value: GET_VAR 'p1: kotlinx.coroutines.CoroutineScope declared in com.banyumas.wisata.feature.auth.RegisterScreenKt.RegisterScreen.<no name provided>.invoke' type=kotlinx.coroutines.CoroutineScope origin=null
                      $completion: GET_VAR 'p2: kotlin.coroutines.Continuation<kotlin.Unit>? declared in com.banyumas.wisata.feature.auth.RegisterScreenKt.RegisterScreen.<no name provided>.invoke' type=kotlin.coroutines.Continuation<kotlin.Unit>? origin=null
                  $result: CALL 'public final fun <unsafe-coerce> <T, R> (v: T of kotlin.jvm.internal.<unsafe-coerce>): R of kotlin.jvm.internal.<unsafe-coerce> declared in kotlin.jvm.internal' type=kotlin.Result<kotlin.Any?> origin=null
                    <T>: kotlin.Any?
                    <R>: kotlin.Result<kotlin.Any?>
                    v: GET_FIELD 'FIELD FIELD_FOR_OBJECT_INSTANCE name:INSTANCE type:kotlin.Unit visibility:public [final,static] declared in kotlin.Unit' type=kotlin.Unit origin=null
          FIELD FIELD_FOR_CAPTURED_VALUE name:$context type:android.content.Context visibility:public/*package*/ [final]
          FIELD FIELD_FOR_CAPTURED_VALUE name:$authState$delegate type:androidx.compose.runtime.State<com.banyumas.wisata.core.common.UiState<com.banyumas.wisata.core.model.User>> visibility:public/*package*/ [final]
          FUN BRIDGE name:invoke visibility:public modality:OPEN <> ($this:com.banyumas.wisata.feature.auth.RegisterScreenKt.RegisterScreen.<no name provided>, p1:kotlin.Any?, p2:kotlin.Any?) returnType:kotlin.Any?
            $this: VALUE_PARAMETER INSTANCE_RECEIVER name:<this> type:com.banyumas.wisata.feature.auth.RegisterScreenKt.RegisterScreen.<no name provided>
            VALUE_PARAMETER BRIDGE name:p1 index:0 type:kotlin.Any?
            VALUE_PARAMETER BRIDGE name:p2 index:1 type:kotlin.Any?
            EXPRESSION_BODY
              RETURN type=kotlin.Nothing from='public open fun invoke (p1: kotlin.Any?, p2: kotlin.Any?): kotlin.Any? declared in com.banyumas.wisata.feature.auth.RegisterScreenKt.RegisterScreen.<no name provided>'
                CALL 'public final fun invoke (p1: kotlinx.coroutines.CoroutineScope, p2: kotlin.coroutines.Continuation<kotlin.Unit>?): kotlin.Any? declared in com.banyumas.wisata.feature.auth.RegisterScreenKt.RegisterScreen.<no name provided>' type=kotlin.Any? origin=BRIDGE_DELEGATION
                  $this: GET_VAR '<this>: com.banyumas.wisata.feature.auth.RegisterScreenKt.RegisterScreen.<no name provided> declared in com.banyumas.wisata.feature.auth.RegisterScreenKt.RegisterScreen.<no name provided>.invoke' type=com.banyumas.wisata.feature.auth.RegisterScreenKt.RegisterScreen.<no name provided> origin=null
                  p1: TYPE_OP type=kotlinx.coroutines.CoroutineScope origin=IMPLICIT_CAST typeOperand=kotlinx.coroutines.CoroutineScope
                    GET_VAR 'p1: kotlin.Any? declared in com.banyumas.wisata.feature.auth.RegisterScreenKt.RegisterScreen.<no name provided>.invoke' type=kotlin.Any? origin=null
                  p2: TYPE_OP type=kotlin.coroutines.Continuation<*> origin=IMPLICIT_CAST typeOperand=kotlin.coroutines.Continuation<*>
                    GET_VAR 'p2: kotlin.Any? declared in com.banyumas.wisata.feature.auth.RegisterScreenKt.RegisterScreen.<no name provided>.invoke' type=kotlin.Any? origin=null
        CONSTRUCTOR_CALL 'public/*package*/ constructor <init> ($context: android.content.Context, $authState$delegate: androidx.compose.runtime.State<com.banyumas.wisata.core.common.UiState<com.banyumas.wisata.core.model.User>>, $completion: kotlin.coroutines.Continuation<com.banyumas.wisata.feature.auth.RegisterScreenKt.RegisterScreen.<no name provided>>?) [primary] declared in com.banyumas.wisata.feature.auth.RegisterScreenKt.RegisterScreen.<no name provided>' type=com.banyumas.wisata.feature.auth.RegisterScreenKt.RegisterScreen.<no name provided> origin=null
          $context: GET_VAR 'val context: android.content.Context [val] declared in com.banyumas.wisata.feature.auth.RegisterScreenKt.RegisterScreen' type=android.content.Context origin=null
          $authState$delegate: GET_VAR 'val authState$delegate: androidx.compose.runtime.State<com.banyumas.wisata.core.common.UiState<com.banyumas.wisata.core.model.User>> [val] declared in com.banyumas.wisata.feature.auth.RegisterScreenKt.RegisterScreen' type=androidx.compose.runtime.State<com.banyumas.wisata.core.common.UiState<com.banyumas.wisata.core.model.User>> origin=null
          $completion: CONST Null type=kotlin.Nothing? value=null
    BLOCK type=kotlin.Unit origin=ARGUMENTS_REORDERING_FOR_CALL
      VAR IR_TEMPORARY_VARIABLE name:tmp0_email type:kotlin.String [val]
        CALL 'private final fun RegisterScreen$lambda$2 ($email$delegate: androidx.compose.runtime.MutableState<kotlin.String>): kotlin.String declared in com.banyumas.wisata.feature.auth.RegisterScreenKt' type=kotlin.String origin=GET_LOCAL_PROPERTY
          $email$delegate: GET_VAR 'val email$delegate: androidx.compose.runtime.MutableState<kotlin.String> [val] declared in com.banyumas.wisata.feature.auth.RegisterScreenKt.RegisterScreen' type=androidx.compose.runtime.MutableState<kotlin.String> origin=null
      VAR IR_TEMPORARY_VARIABLE name:tmp1_password type:kotlin.String [val]
        CALL 'private final fun RegisterScreen$lambda$5 ($password$delegate: androidx.compose.runtime.MutableState<kotlin.String>): kotlin.String declared in com.banyumas.wisata.feature.auth.RegisterScreenKt' type=kotlin.String origin=GET_LOCAL_PROPERTY
          $password$delegate: GET_VAR 'val password$delegate: androidx.compose.runtime.MutableState<kotlin.String> [val] declared in com.banyumas.wisata.feature.auth.RegisterScreenKt.RegisterScreen' type=androidx.compose.runtime.MutableState<kotlin.String> origin=null
      VAR IR_TEMPORARY_VARIABLE name:tmp2_username type:kotlin.String [val]
        CALL 'private final fun RegisterScreen$lambda$8 ($username$delegate: androidx.compose.runtime.MutableState<kotlin.String>): kotlin.String declared in com.banyumas.wisata.feature.auth.RegisterScreenKt' type=kotlin.String origin=GET_LOCAL_PROPERTY
          $username$delegate: GET_VAR 'val username$delegate: androidx.compose.runtime.MutableState<kotlin.String> [val] declared in com.banyumas.wisata.feature.auth.RegisterScreenKt.RegisterScreen' type=androidx.compose.runtime.MutableState<kotlin.String> origin=null
      CALL 'private final fun RegisterContent (email: kotlin.String, password: kotlin.String, username: kotlin.String, onEmailChange: kotlin.Function1<kotlin.String, kotlin.Unit>, onPasswordChange: kotlin.Function1<kotlin.String, kotlin.Unit>, onUsernameChange: kotlin.Function1<kotlin.String, kotlin.Unit>, onSignUpClick: kotlin.Function0<kotlin.Unit>, onSignInClick: kotlin.Function0<kotlin.Unit>, isLoading: kotlin.Boolean): kotlin.Unit declared in com.banyumas.wisata.feature.auth.RegisterScreenKt' type=kotlin.Unit origin=null
        email: GET_VAR 'val tmp0_email: kotlin.String [val] declared in com.banyumas.wisata.feature.auth.RegisterScreenKt.RegisterScreen' type=kotlin.String origin=null
        password: GET_VAR 'val tmp1_password: kotlin.String [val] declared in com.banyumas.wisata.feature.auth.RegisterScreenKt.RegisterScreen' type=kotlin.String origin=null
        username: GET_VAR 'val tmp2_username: kotlin.String [val] declared in com.banyumas.wisata.feature.auth.RegisterScreenKt.RegisterScreen' type=kotlin.String origin=null
        onEmailChange: BLOCK type=kotlin.Function1<kotlin.String, kotlin.Unit> origin=LAMBDA
          COMPOSITE type=kotlin.Unit origin=null
          CALL 'public final fun <jvm-indy> <T> (dynamicCall: T of kotlin.jvm.internal.<jvm-indy>, bootstrapMethodHandle: kotlin.Any, vararg bootstrapMethodArguments: kotlin.Any): T of kotlin.jvm.internal.<jvm-indy> declared in kotlin.jvm.internal' type=kotlin.Function1<kotlin.String, kotlin.Unit> origin=null
            <T>: kotlin.Function1<kotlin.String, kotlin.Unit>
            dynamicCall: CALL 'public final fun invoke (p0: androidx.compose.runtime.MutableState<kotlin.String>): kotlin.Function1<kotlin.String, kotlin.Unit> declared in kotlin.jvm.internal.invokeDynamic' type=kotlin.Function1<kotlin.String, kotlin.Unit> origin=null
              p0: GET_VAR 'val email$delegate: androidx.compose.runtime.MutableState<kotlin.String> [val] declared in com.banyumas.wisata.feature.auth.RegisterScreenKt.RegisterScreen' type=androidx.compose.runtime.MutableState<kotlin.String> origin=null
            bootstrapMethodHandle: CALL 'public final fun <jvm-method-handle> (tag: kotlin.Int, owner: kotlin.String, name: kotlin.String, descriptor: kotlin.String, isInterface: kotlin.Boolean): kotlin.Any declared in kotlin.jvm.internal' type=kotlin.Any origin=null
              tag: CONST Int type=kotlin.Int value=6
              owner: CONST String type=kotlin.String value="java/lang/invoke/LambdaMetafactory"
              name: CONST String type=kotlin.String value="metafactory"
              descriptor: CONST String type=kotlin.String value="(Ljava/lang/invoke/MethodHandles$Lookup;Ljava/lang/String;Ljava/lang/invoke/MethodType;Ljava/lang/invoke/MethodType;Ljava/lang/invoke/MethodHandle;Ljava/lang/invoke/MethodType;)Ljava/lang/invoke/CallSite;"
              isInterface: CONST Boolean type=kotlin.Boolean value=false
            bootstrapMethodArguments: VARARG type=kotlin.Array<kotlin.Any> varargElementType=kotlin.Any
              CALL 'public final fun <jvm-original-method-type> (method: kotlin.Any): kotlin.Any declared in kotlin.jvm.internal' type=kotlin.Any origin=null
                method: RAW_FUNCTION_REFERENCE 'public abstract fun invoke (p1: P1 of kotlin.Function1): R of kotlin.Function1 [operator] declared in kotlin.Function1' type=kotlin.Any
              RAW_FUNCTION_REFERENCE 'private final fun RegisterScreen$lambda$10 ($email$delegate: androidx.compose.runtime.MutableState<kotlin.String>, it: kotlin.String): kotlin.Unit? declared in com.banyumas.wisata.feature.auth.RegisterScreenKt' type=kotlin.Any
              CALL 'public final fun <jvm-original-method-type> (method: kotlin.Any): kotlin.Any declared in kotlin.jvm.internal' type=kotlin.Any origin=null
                method: RAW_FUNCTION_REFERENCE 'public abstract fun invoke (p1: kotlin.String): kotlin.Unit? [fake_override,operator] declared in kotlin.jvm.internal.invokeDynamic.<fake>' type=kotlin.Any
        onPasswordChange: BLOCK type=kotlin.Function1<kotlin.String, kotlin.Unit> origin=LAMBDA
          COMPOSITE type=kotlin.Unit origin=null
          CALL 'public final fun <jvm-indy> <T> (dynamicCall: T of kotlin.jvm.internal.<jvm-indy>, bootstrapMethodHandle: kotlin.Any, vararg bootstrapMethodArguments: kotlin.Any): T of kotlin.jvm.internal.<jvm-indy> declared in kotlin.jvm.internal' type=kotlin.Function1<kotlin.String, kotlin.Unit> origin=null
            <T>: kotlin.Function1<kotlin.String, kotlin.Unit>
            dynamicCall: CALL 'public final fun invoke (p0: androidx.compose.runtime.MutableState<kotlin.String>): kotlin.Function1<kotlin.String, kotlin.Unit> declared in kotlin.jvm.internal.invokeDynamic' type=kotlin.Function1<kotlin.String, kotlin.Unit> origin=null
              p0: GET_VAR 'val password$delegate: androidx.compose.runtime.MutableState<kotlin.String> [val] declared in com.banyumas.wisata.feature.auth.RegisterScreenKt.RegisterScreen' type=androidx.compose.runtime.MutableState<kotlin.String> origin=null
            bootstrapMethodHandle: CALL 'public final fun <jvm-method-handle> (tag: kotlin.Int, owner: kotlin.String, name: kotlin.String, descriptor: kotlin.String, isInterface: kotlin.Boolean): kotlin.Any declared in kotlin.jvm.internal' type=kotlin.Any origin=null
              tag: CONST Int type=kotlin.Int value=6
              owner: CONST String type=kotlin.String value="java/lang/invoke/LambdaMetafactory"
              name: CONST String type=kotlin.String value="metafactory"
              descriptor: CONST String type=kotlin.String value="(Ljava/lang/invoke/MethodHandles$Lookup;Ljava/lang/String;Ljava/lang/invoke/MethodType;Ljava/lang/invoke/MethodType;Ljava/lang/invoke/MethodHandle;Ljava/lang/invoke/MethodType;)Ljava/lang/invoke/CallSite;"
              isInterface: CONST Boolean type=kotlin.Boolean value=false
            bootstrapMethodArguments: VARARG type=kotlin.Array<kotlin.Any> varargElementType=kotlin.Any
              CALL 'public final fun <jvm-original-method-type> (method: kotlin.Any): kotlin.Any declared in kotlin.jvm.internal' type=kotlin.Any origin=null
                method: RAW_FUNCTION_REFERENCE 'public abstract fun invoke (p1: P1 of kotlin.Function1): R of kotlin.Function1 [operator] declared in kotlin.Function1' type=kotlin.Any
              RAW_FUNCTION_REFERENCE 'private final fun RegisterScreen$lambda$11 ($password$delegate: androidx.compose.runtime.MutableState<kotlin.String>, it: kotlin.String): kotlin.Unit? declared in com.banyumas.wisata.feature.auth.RegisterScreenKt' type=kotlin.Any
              CALL 'public final fun <jvm-original-method-type> (method: kotlin.Any): kotlin.Any declared in kotlin.jvm.internal' type=kotlin.Any origin=null
                method: RAW_FUNCTION_REFERENCE 'public abstract fun invoke (p1: kotlin.String): kotlin.Unit? [fake_override,operator] declared in kotlin.jvm.internal.invokeDynamic.<fake>' type=kotlin.Any
        onUsernameChange: BLOCK type=kotlin.Function1<kotlin.String, kotlin.Unit> origin=LAMBDA
          COMPOSITE type=kotlin.Unit origin=null
          CALL 'public final fun <jvm-indy> <T> (dynamicCall: T of kotlin.jvm.internal.<jvm-indy>, bootstrapMethodHandle: kotlin.Any, vararg bootstrapMethodArguments: kotlin.Any): T of kotlin.jvm.internal.<jvm-indy> declared in kotlin.jvm.internal' type=kotlin.Function1<kotlin.String, kotlin.Unit> origin=null
            <T>: kotlin.Function1<kotlin.String, kotlin.Unit>
            dynamicCall: CALL 'public final fun invoke (p0: androidx.compose.runtime.MutableState<kotlin.String>): kotlin.Function1<kotlin.String, kotlin.Unit> declared in kotlin.jvm.internal.invokeDynamic' type=kotlin.Function1<kotlin.String, kotlin.Unit> origin=null
              p0: GET_VAR 'val username$delegate: androidx.compose.runtime.MutableState<kotlin.String> [val] declared in com.banyumas.wisata.feature.auth.RegisterScreenKt.RegisterScreen' type=androidx.compose.runtime.MutableState<kotlin.String> origin=null
            bootstrapMethodHandle: CALL 'public final fun <jvm-method-handle> (tag: kotlin.Int, owner: kotlin.String, name: kotlin.String, descriptor: kotlin.String, isInterface: kotlin.Boolean): kotlin.Any declared in kotlin.jvm.internal' type=kotlin.Any origin=null
              tag: CONST Int type=kotlin.Int value=6
              owner: CONST String type=kotlin.String value="java/lang/invoke/LambdaMetafactory"
              name: CONST String type=kotlin.String value="metafactory"
              descriptor: CONST String type=kotlin.String value="(Ljava/lang/invoke/MethodHandles$Lookup;Ljava/lang/String;Ljava/lang/invoke/MethodType;Ljava/lang/invoke/MethodType;Ljava/lang/invoke/MethodHandle;Ljava/lang/invoke/MethodType;)Ljava/lang/invoke/CallSite;"
              isInterface: CONST Boolean type=kotlin.Boolean value=false
            bootstrapMethodArguments: VARARG type=kotlin.Array<kotlin.Any> varargElementType=kotlin.Any
              CALL 'public final fun <jvm-original-method-type> (method: kotlin.Any): kotlin.Any declared in kotlin.jvm.internal' type=kotlin.Any origin=null
                method: RAW_FUNCTION_REFERENCE 'public abstract fun invoke (p1: P1 of kotlin.Function1): R of kotlin.Function1 [operator] declared in kotlin.Function1' type=kotlin.Any
              RAW_FUNCTION_REFERENCE 'private final fun RegisterScreen$lambda$12 ($username$delegate: androidx.compose.runtime.MutableState<kotlin.String>, it: kotlin.String): kotlin.Unit? declared in com.banyumas.wisata.feature.auth.RegisterScreenKt' type=kotlin.Any
              CALL 'public final fun <jvm-original-method-type> (method: kotlin.Any): kotlin.Any declared in kotlin.jvm.internal' type=kotlin.Any origin=null
                method: RAW_FUNCTION_REFERENCE 'public abstract fun invoke (p1: kotlin.String): kotlin.Unit? [fake_override,operator] declared in kotlin.jvm.internal.invokeDynamic.<fake>' type=kotlin.Any
        onSignUpClick: BLOCK type=kotlin.Function0<kotlin.Unit> origin=LAMBDA
          COMPOSITE type=kotlin.Unit origin=null
          CALL 'public final fun <jvm-indy> <T> (dynamicCall: T of kotlin.jvm.internal.<jvm-indy>, bootstrapMethodHandle: kotlin.Any, vararg bootstrapMethodArguments: kotlin.Any): T of kotlin.jvm.internal.<jvm-indy> declared in kotlin.jvm.internal' type=kotlin.Function0<kotlin.Unit> origin=null
            <T>: kotlin.Function0<kotlin.Unit>
            dynamicCall: CALL 'public final fun invoke (p0: com.banyumas.wisata.feature.auth.UserViewModel, p1: androidx.compose.runtime.MutableState<kotlin.String>, p2: androidx.compose.runtime.MutableState<kotlin.String>, p3: androidx.compose.runtime.MutableState<kotlin.String>): kotlin.Function0<kotlin.Unit> declared in kotlin.jvm.internal.invokeDynamic' type=kotlin.Function0<kotlin.Unit> origin=null
              p0: GET_VAR 'viewModel: com.banyumas.wisata.feature.auth.UserViewModel declared in com.banyumas.wisata.feature.auth.RegisterScreenKt.RegisterScreen' type=com.banyumas.wisata.feature.auth.UserViewModel origin=null
              p1: GET_VAR 'val email$delegate: androidx.compose.runtime.MutableState<kotlin.String> [val] declared in com.banyumas.wisata.feature.auth.RegisterScreenKt.RegisterScreen' type=androidx.compose.runtime.MutableState<kotlin.String> origin=null
              p2: GET_VAR 'val password$delegate: androidx.compose.runtime.MutableState<kotlin.String> [val] declared in com.banyumas.wisata.feature.auth.RegisterScreenKt.RegisterScreen' type=androidx.compose.runtime.MutableState<kotlin.String> origin=null
              p3: GET_VAR 'val username$delegate: androidx.compose.runtime.MutableState<kotlin.String> [val] declared in com.banyumas.wisata.feature.auth.RegisterScreenKt.RegisterScreen' type=androidx.compose.runtime.MutableState<kotlin.String> origin=null
            bootstrapMethodHandle: CALL 'public final fun <jvm-method-handle> (tag: kotlin.Int, owner: kotlin.String, name: kotlin.String, descriptor: kotlin.String, isInterface: kotlin.Boolean): kotlin.Any declared in kotlin.jvm.internal' type=kotlin.Any origin=null
              tag: CONST Int type=kotlin.Int value=6
              owner: CONST String type=kotlin.String value="java/lang/invoke/LambdaMetafactory"
              name: CONST String type=kotlin.String value="metafactory"
              descriptor: CONST String type=kotlin.String value="(Ljava/lang/invoke/MethodHandles$Lookup;Ljava/lang/String;Ljava/lang/invoke/MethodType;Ljava/lang/invoke/MethodType;Ljava/lang/invoke/MethodHandle;Ljava/lang/invoke/MethodType;)Ljava/lang/invoke/CallSite;"
              isInterface: CONST Boolean type=kotlin.Boolean value=false
            bootstrapMethodArguments: VARARG type=kotlin.Array<kotlin.Any> varargElementType=kotlin.Any
              CALL 'public final fun <jvm-original-method-type> (method: kotlin.Any): kotlin.Any declared in kotlin.jvm.internal' type=kotlin.Any origin=null
                method: RAW_FUNCTION_REFERENCE 'public abstract fun invoke (): R of kotlin.Function0 [operator] declared in kotlin.Function0' type=kotlin.Any
              RAW_FUNCTION_REFERENCE 'private final fun RegisterScreen$lambda$13 ($viewModel: com.banyumas.wisata.feature.auth.UserViewModel, $email$delegate: androidx.compose.runtime.MutableState<kotlin.String>, $password$delegate: androidx.compose.runtime.MutableState<kotlin.String>, $username$delegate: androidx.compose.runtime.MutableState<kotlin.String>): kotlin.Unit? declared in com.banyumas.wisata.feature.auth.RegisterScreenKt' type=kotlin.Any
              CALL 'public final fun <jvm-original-method-type> (method: kotlin.Any): kotlin.Any declared in kotlin.jvm.internal' type=kotlin.Any origin=null
                method: RAW_FUNCTION_REFERENCE 'public abstract fun invoke (): kotlin.Unit? [fake_override,operator] declared in kotlin.jvm.internal.invokeDynamic.<fake>' type=kotlin.Any
        onSignInClick: GET_VAR 'onSignInClick: kotlin.Function0<kotlin.Unit> declared in com.banyumas.wisata.feature.auth.RegisterScreenKt.RegisterScreen' type=kotlin.Function0<kotlin.Unit> origin=null
        isLoading: GET_VAR 'val isLoading: kotlin.Boolean [val] declared in com.banyumas.wisata.feature.auth.RegisterScreenKt.RegisterScreen' type=kotlin.Boolean origin=null

	at org.jetbrains.kotlin.backend.jvm.codegen.FunctionCodegen.generate(FunctionCodegen.kt:48)
	at org.jetbrains.kotlin.backend.jvm.codegen.FunctionCodegen.generate$default(FunctionCodegen.kt:41)
	at org.jetbrains.kotlin.backend.jvm.codegen.ClassCodegen.generateMethodNode(ClassCodegen.kt:407)
	at org.jetbrains.kotlin.backend.jvm.codegen.ClassCodegen.generateMethod(ClassCodegen.kt:424)
	at org.jetbrains.kotlin.backend.jvm.codegen.ClassCodegen.generate(ClassCodegen.kt:169)
	at org.jetbrains.kotlin.backend.jvm.FileCodegen.lower(JvmPhases.kt:39)
	at org.jetbrains.kotlin.backend.common.phaser.PhaseFactoriesKt.createFilePhase$lambda$4(PhaseFactories.kt:71)
	at org.jetbrains.kotlin.backend.common.phaser.PhaseBuildersKt$createSimpleNamedCompilerPhase$1.phaseBody(PhaseBuilders.kt:69)
	at org.jetbrains.kotlin.backend.common.phaser.SimpleNamedCompilerPhase.phaseBody(CompilerPhase.kt:226)
	at org.jetbrains.kotlin.backend.common.phaser.AbstractNamedCompilerPhase.invoke(CompilerPhase.kt:113)
	at org.jetbrains.kotlin.backend.common.phaser.PerformByIrFilePhase.invokeSequential(performByIrFile.kt:52)
	... 45 more
Caused by: org.jetbrains.kotlin.codegen.CompilationException: Back-end (JVM) Internal error: Couldn't inline method call: CALL 'public final fun <get-current> (): T of androidx.compose.runtime.CompositionLocal [inline] declared in androidx.compose.runtime.CompositionLocal' type=android.content.Context origin=GET_PROPERTY
Method: null
File is unknown
The root cause java.lang.IllegalStateException was thrown at: org.jetbrains.kotlin.codegen.inline.SourceCompilerForInlineKt.getMethodNode(SourceCompilerForInline.kt:118)
	at org.jetbrains.kotlin.codegen.inline.InlineCodegen.performInline(InlineCodegen.kt:65)
	at org.jetbrains.kotlin.backend.jvm.codegen.IrInlineCodegen.genInlineCall(IrInlineCodegen.kt:163)
	at org.jetbrains.kotlin.backend.jvm.codegen.IrInlineCallGenerator.genCall(IrInlineCallGenerator.kt:36)
	at org.jetbrains.kotlin.backend.jvm.codegen.ExpressionCodegen.visitCall(ExpressionCodegen.kt:598)
	at org.jetbrains.kotlin.backend.jvm.codegen.ExpressionCodegen.visitCall(ExpressionCodegen.kt:134)
	at org.jetbrains.kotlin.ir.expressions.IrCall.accept(IrCall.kt:24)
	at org.jetbrains.kotlin.backend.jvm.codegen.ExpressionCodegen.visitVariable(ExpressionCodegen.kt:735)
	at org.jetbrains.kotlin.backend.jvm.codegen.ExpressionCodegen.visitVariable(ExpressionCodegen.kt:134)
	at org.jetbrains.kotlin.ir.declarations.IrVariable.accept(IrVariable.kt:36)
	at org.jetbrains.kotlin.backend.jvm.codegen.ExpressionCodegen.visitStatementContainer(ExpressionCodegen.kt:524)
	at org.jetbrains.kotlin.backend.jvm.codegen.ExpressionCodegen.visitBlockBody(ExpressionCodegen.kt:529)
	at org.jetbrains.kotlin.backend.jvm.codegen.ExpressionCodegen.visitBlockBody(ExpressionCodegen.kt:134)
	at org.jetbrains.kotlin.ir.expressions.IrBlockBody.accept(IrBlockBody.kt:20)
	at org.jetbrains.kotlin.backend.jvm.codegen.ExpressionCodegen.generate(ExpressionCodegen.kt:236)
	at org.jetbrains.kotlin.backend.jvm.codegen.FunctionCodegen.doGenerate(FunctionCodegen.kt:124)
	at org.jetbrains.kotlin.backend.jvm.codegen.FunctionCodegen.generate(FunctionCodegen.kt:45)
	... 55 more
Caused by: java.lang.IllegalStateException: couldn't find inline method Landroidx/compose/runtime/CompositionLocal;.getCurrent()Ljava/lang/Object;
	at org.jetbrains.kotlin.codegen.inline.SourceCompilerForInlineKt.getMethodNode(SourceCompilerForInline.kt:118)
	at org.jetbrains.kotlin.codegen.inline.SourceCompilerForInlineKt.loadCompiledInlineFunction(SourceCompilerForInline.kt:96)
	at org.jetbrains.kotlin.backend.jvm.codegen.IrSourceCompilerForInline.compileInlineFunction(IrSourceCompilerForInline.kt:91)
	at org.jetbrains.kotlin.codegen.inline.InlineCodegen.compileInline(InlineCodegen.kt:43)
	at org.jetbrains.kotlin.codegen.inline.InlineCodegen.performInline(InlineCodegen.kt:51)
	... 70 more


